{"C:\\Aim\\VueTest\\vue3-test\\.eslintrc.js": {"path":"C:\\Aim\\VueTest\\vue3-test\\.eslintrc.js","statementMap":{"0":{"start":{"line":1,"column":0},"end":{"line":41,"column":2}}},"fnMap":{},"branchMap":{"0":{"loc":{"start":{"line":11,"column":16},"end":{"line":11,"column":70}},"type":"cond-expr","locations":[{"start":{"line":11,"column":56},"end":{"line":11,"column":62}},{"start":{"line":11,"column":65},"end":{"line":11,"column":70}}],"line":11},"1":{"loc":{"start":{"line":12,"column":17},"end":{"line":12,"column":71}},"type":"cond-expr","locations":[{"start":{"line":12,"column":57},"end":{"line":12,"column":63}},{"start":{"line":12,"column":66},"end":{"line":12,"column":71}}],"line":12}},"s":{"0":0},"f":{},"b":{"0":[0,0],"1":[0,0]}}
,"C:\\Aim\\VueTest\\vue3-test\\babel.config.js": {"path":"C:\\Aim\\VueTest\\vue3-test\\babel.config.js","statementMap":{"0":{"start":{"line":1,"column":0},"end":{"line":4,"column":2}}},"fnMap":{},"branchMap":{},"s":{"0":0},"f":{},"b":{}}
,"C:\\Aim\\VueTest\\vue3-test\\jest.config.js": {"path":"C:\\Aim\\VueTest\\vue3-test\\jest.config.js","statementMap":{"0":{"start":{"line":1,"column":0},"end":{"line":18,"column":2}}},"fnMap":{},"branchMap":{},"s":{"0":0},"f":{},"b":{}}
,"C:\\Aim\\VueTest\\vue3-test\\vue.config.js": {"path":"C:\\Aim\\VueTest\\vue3-test\\vue.config.js","statementMap":{"0":{"start":{"line":1,"column":25},"end":{"line":1,"column":52}},"1":{"start":{"line":2,"column":0},"end":{"line":4,"column":3}}},"fnMap":{},"branchMap":{},"s":{"0":0,"1":0},"f":{},"b":{}}
,"C:\\Aim\\VueTest\\vue3-test\\coverage\\lcov-report\\block-navigation.js": {"path":"C:\\Aim\\VueTest\\vue3-test\\coverage\\lcov-report\\block-navigation.js","statementMap":{"0":{"start":{"line":2,"column":17},"end":{"line":86,"column":4}},"1":{"start":{"line":4,"column":33},"end":{"line":4,"column":74}},"2":{"start":{"line":7,"column":30},"end":{"line":7,"column":44}},"3":{"start":{"line":10,"column":22},"end":{"line":10,"column":78}},"4":{"start":{"line":14,"column":8},"end":{"line":17,"column":55}},"5":{"start":{"line":20,"column":34},"end":{"line":20,"column":69}},"6":{"start":{"line":25,"column":8},"end":{"line":27,"column":45}},"7":{"start":{"line":28,"column":8},"end":{"line":28,"column":73}},"8":{"start":{"line":32,"column":8},"end":{"line":32,"column":27}},"9":{"start":{"line":33,"column":8},"end":{"line":33,"column":29}},"10":{"start":{"line":34,"column":8},"end":{"line":38,"column":11}},"11":{"start":{"line":42,"column":24},"end":{"line":42,"column":25}},"12":{"start":{"line":43,"column":8},"end":{"line":47,"column":9}},"13":{"start":{"line":44,"column":12},"end":{"line":44,"column":59}},"14":{"start":{"line":45,"column":15},"end":{"line":47,"column":9}},"15":{"start":{"line":46,"column":12},"end":{"line":46,"column":41}},"16":{"start":{"line":49,"column":8},"end":{"line":49,"column":31}},"17":{"start":{"line":53,"column":24},"end":{"line":53,"column":25}},"18":{"start":{"line":55,"column":8},"end":{"line":60,"column":9}},"19":{"start":{"line":59,"column":12},"end":{"line":59,"column":41}},"20":{"start":{"line":62,"column":8},"end":{"line":62,"column":31}},"21":{"start":{"line":65,"column":4},"end":{"line":85,"column":6}},"22":{"start":{"line":66,"column":8},"end":{"line":72,"column":9}},"23":{"start":{"line":71,"column":12},"end":{"line":71,"column":19}},"24":{"start":{"line":74,"column":8},"end":{"line":84,"column":9}},"25":{"start":{"line":77,"column":16},"end":{"line":77,"column":27}},"26":{"start":{"line":78,"column":16},"end":{"line":78,"column":22}},"27":{"start":{"line":82,"column":16},"end":{"line":82,"column":31}},"28":{"start":{"line":83,"column":16},"end":{"line":83,"column":22}},"29":{"start":{"line":87,"column":0},"end":{"line":87,"column":47}}},"fnMap":{"0":{"name":"init","decl":{"start":{"line":2,"column":27},"end":{"line":2,"column":31}},"loc":{"start":{"line":2,"column":34},"end":{"line":86,"column":1}},"line":2},"1":{"name":"toggleClass","decl":{"start":{"line":24,"column":13},"end":{"line":24,"column":24}},"loc":{"start":{"line":24,"column":32},"end":{"line":29,"column":5}},"line":24},"2":{"name":"makeCurrent","decl":{"start":{"line":31,"column":13},"end":{"line":31,"column":24}},"loc":{"start":{"line":31,"column":32},"end":{"line":39,"column":5}},"line":31},"3":{"name":"goToPrevious","decl":{"start":{"line":41,"column":13},"end":{"line":41,"column":25}},"loc":{"start":{"line":41,"column":28},"end":{"line":50,"column":5}},"line":41},"4":{"name":"goToNext","decl":{"start":{"line":52,"column":13},"end":{"line":52,"column":21}},"loc":{"start":{"line":52,"column":24},"end":{"line":63,"column":5}},"line":52},"5":{"name":"jump","decl":{"start":{"line":65,"column":20},"end":{"line":65,"column":24}},"loc":{"start":{"line":65,"column":32},"end":{"line":85,"column":5}},"line":65}},"branchMap":{"0":{"loc":{"start":{"line":43,"column":8},"end":{"line":47,"column":9}},"type":"if","locations":[{"start":{"line":43,"column":8},"end":{"line":47,"column":9}},{"start":{"line":45,"column":15},"end":{"line":47,"column":9}}],"line":43},"1":{"loc":{"start":{"line":43,"column":12},"end":{"line":43,"column":66}},"type":"binary-expr","locations":[{"start":{"line":43,"column":12},"end":{"line":43,"column":44}},{"start":{"line":43,"column":48},"end":{"line":43,"column":66}}],"line":43},"2":{"loc":{"start":{"line":45,"column":15},"end":{"line":47,"column":9}},"type":"if","locations":[{"start":{"line":45,"column":15},"end":{"line":47,"column":9}},{"start":{},"end":{}}],"line":45},"3":{"loc":{"start":{"line":55,"column":8},"end":{"line":60,"column":9}},"type":"if","locations":[{"start":{"line":55,"column":8},"end":{"line":60,"column":9}},{"start":{},"end":{}}],"line":55},"4":{"loc":{"start":{"line":56,"column":12},"end":{"line":57,"column":61}},"type":"binary-expr","locations":[{"start":{"line":56,"column":12},"end":{"line":56,"column":44}},{"start":{"line":57,"column":12},"end":{"line":57,"column":61}}],"line":56},"5":{"loc":{"start":{"line":66,"column":8},"end":{"line":72,"column":9}},"type":"if","locations":[{"start":{"line":66,"column":8},"end":{"line":72,"column":9}},{"start":{},"end":{}}],"line":66},"6":{"loc":{"start":{"line":67,"column":12},"end":{"line":68,"column":42}},"type":"binary-expr","locations":[{"start":{"line":67,"column":12},"end":{"line":67,"column":76}},{"start":{"line":68,"column":12},"end":{"line":68,"column":42}}],"line":67},"7":{"loc":{"start":{"line":74,"column":8},"end":{"line":84,"column":9}},"type":"switch","locations":[{"start":{"line":75,"column":12},"end":{"line":75,"column":20}},{"start":{"line":76,"column":12},"end":{"line":78,"column":22}},{"start":{"line":79,"column":12},"end":{"line":79,"column":20}},{"start":{"line":80,"column":12},"end":{"line":80,"column":20}},{"start":{"line":81,"column":12},"end":{"line":83,"column":22}}],"line":74}},"s":{"0":0,"1":0,"2":0,"3":0,"4":0,"5":0,"6":0,"7":0,"8":0,"9":0,"10":0,"11":0,"12":0,"13":0,"14":0,"15":0,"16":0,"17":0,"18":0,"19":0,"20":0,"21":0,"22":0,"23":0,"24":0,"25":0,"26":0,"27":0,"28":0,"29":0},"f":{"0":0,"1":0,"2":0,"3":0,"4":0,"5":0},"b":{"0":[0,0],"1":[0,0],"2":[0,0],"3":[0,0],"4":[0,0],"5":[0,0],"6":[0,0],"7":[0,0,0,0,0]}}
,"C:\\Aim\\VueTest\\vue3-test\\coverage\\lcov-report\\prettify.js": {"path":"C:\\Aim\\VueTest\\vue3-test\\coverage\\lcov-report\\prettify.js","statementMap":{"0":{"start":{"line":2,"column":0},"end":{"line":2,"column":39}},"1":{"start":{"line":2,"column":39},"end":{"line":2,"column":15785}},"2":{"start":{"line":2,"column":57},"end":{"line":2,"column":103}},"3":{"start":{"line":2,"column":110},"end":{"line":2,"column":270}},"4":{"start":{"line":2,"column":277},"end":{"line":2,"column":379}},"5":{"start":{"line":2,"column":386},"end":{"line":2,"column":644}},"6":{"start":{"line":2,"column":651},"end":{"line":2,"column":794}},"7":{"start":{"line":2,"column":801},"end":{"line":2,"column":1069}},"8":{"start":{"line":2,"column":1076},"end":{"line":2,"column":1234}},"9":{"start":{"line":2,"column":1241},"end":{"line":2,"column":1321}},"10":{"start":{"line":2,"column":1328},"end":{"line":2,"column":1504}},"11":{"start":{"line":2,"column":1511},"end":{"line":2,"column":1665}},"12":{"start":{"line":2,"column":1672},"end":{"line":2,"column":1844}},"13":{"start":{"line":2,"column":1851},"end":{"line":2,"column":1917}},"14":{"start":{"line":2,"column":1924},"end":{"line":2,"column":1939}},"15":{"start":{"line":2,"column":1946},"end":{"line":2,"column":2058}},"16":{"start":{"line":2,"column":2065},"end":{"line":2,"column":2070}},"17":{"start":{"line":2,"column":2077},"end":{"line":2,"column":2082}},"18":{"start":{"line":2,"column":2089},"end":{"line":2,"column":2094}},"19":{"start":{"line":2,"column":2101},"end":{"line":2,"column":2106}},"20":{"start":{"line":2,"column":2113},"end":{"line":2,"column":2118}},"21":{"start":{"line":2,"column":2125},"end":{"line":2,"column":2130}},"22":{"start":{"line":2,"column":2137},"end":{"line":2,"column":2142}},"23":{"start":{"line":2,"column":2149},"end":{"line":2,"column":2154}},"24":{"start":{"line":2,"column":2161},"end":{"line":2,"column":2166}},"25":{"start":{"line":2,"column":2173},"end":{"line":2,"column":2178}},"26":{"start":{"line":2,"column":2185},"end":{"line":2,"column":2190}},"27":{"start":{"line":2,"column":2197},"end":{"line":2,"column":2202}},"28":{"start":{"line":2,"column":2209},"end":{"line":2,"column":2217}},"29":{"start":{"line":2,"column":2224},"end":{"line":2,"column":2523}},"30":{"start":{"line":2,"column":2545},"end":{"line":2,"column":2546}},"31":{"start":{"line":2,"column":2553},"end":{"line":2,"column":2558}},"32":{"start":{"line":2,"column":2566},"end":{"line":2,"column":2571}},"33":{"start":{"line":2,"column":2572},"end":{"line":2,"column":2754}},"34":{"start":{"line":2,"column":2582},"end":{"line":2,"column":2583}},"35":{"start":{"line":2,"column":2586},"end":{"line":2,"column":2594}},"36":{"start":{"line":2,"column":2611},"end":{"line":2,"column":2615}},"37":{"start":{"line":2,"column":2616},"end":{"line":2,"column":2753}},"38":{"start":{"line":2,"column":2634},"end":{"line":2,"column":2641}},"39":{"start":{"line":2,"column":2647},"end":{"line":2,"column":2752}},"40":{"start":{"line":2,"column":2730},"end":{"line":2,"column":2737}},"41":{"start":{"line":2,"column":2737},"end":{"line":2,"column":2746}},"42":{"start":{"line":2,"column":2746},"end":{"line":2,"column":2751}},"43":{"start":{"line":2,"column":2760},"end":{"line":2,"column":2789}},"44":{"start":{"line":2,"column":2813},"end":{"line":2,"column":2829}},"45":{"start":{"line":2,"column":2830},"end":{"line":2,"column":2852}},"46":{"start":{"line":2,"column":2842},"end":{"line":2,"column":2851}},"47":{"start":{"line":2,"column":2859},"end":{"line":2,"column":2871}},"48":{"start":{"line":2,"column":2872},"end":{"line":2,"column":2881}},"49":{"start":{"line":2,"column":2881},"end":{"line":2,"column":3054}},"50":{"start":{"line":2,"column":2888},"end":{"line":2,"column":2897}},"51":{"start":{"line":2,"column":2903},"end":{"line":2,"column":3053}},"52":{"start":{"line":2,"column":2924},"end":{"line":2,"column":2958}},"53":{"start":{"line":2,"column":2964},"end":{"line":2,"column":3052}},"54":{"start":{"line":2,"column":2987},"end":{"line":2,"column":3022}},"55":{"start":{"line":2,"column":3028},"end":{"line":2,"column":3051}},"56":{"start":{"line":2,"column":3070},"end":{"line":2,"column":3123}},"57":{"start":{"line":2,"column":3080},"end":{"line":2,"column":3122}},"58":{"start":{"line":2,"column":3130},"end":{"line":2,"column":3153}},"59":{"start":{"line":2,"column":3154},"end":{"line":2,"column":3209}},"60":{"start":{"line":2,"column":3198},"end":{"line":2,"column":3208}},"61":{"start":{"line":2,"column":3209},"end":{"line":2,"column":3218}},"62":{"start":{"line":2,"column":3241},"end":{"line":2,"column":3392}},"63":{"start":{"line":2,"column":3400},"end":{"line":2,"column":3402}},"64":{"start":{"line":2,"column":3410},"end":{"line":2,"column":3412}},"65":{"start":{"line":2,"column":3420},"end":{"line":2,"column":3431}},"66":{"start":{"line":2,"column":3432},"end":{"line":2,"column":3796}},"67":{"start":{"line":2,"column":3443},"end":{"line":2,"column":3449}},"68":{"start":{"line":2,"column":3453},"end":{"line":2,"column":3462}},"69":{"start":{"line":2,"column":3482},"end":{"line":2,"column":3488}},"70":{"start":{"line":2,"column":3489},"end":{"line":2,"column":3795}},"71":{"start":{"line":2,"column":3514},"end":{"line":2,"column":3525}},"72":{"start":{"line":2,"column":3538},"end":{"line":2,"column":3544}},"73":{"start":{"line":2,"column":3552},"end":{"line":2,"column":3613}},"74":{"start":{"line":2,"column":3580},"end":{"line":2,"column":3596}},"75":{"start":{"line":2,"column":3596},"end":{"line":2,"column":3601}},"76":{"start":{"line":2,"column":3607},"end":{"line":2,"column":3612}},"77":{"start":{"line":2,"column":3613},"end":{"line":2,"column":3630}},"78":{"start":{"line":2,"column":3630},"end":{"line":2,"column":3794}},"79":{"start":{"line":2,"column":3651},"end":{"line":2,"column":3720}},"80":{"start":{"line":2,"column":3671},"end":{"line":2,"column":3719}},"81":{"start":{"line":2,"column":3720},"end":{"line":2,"column":3793}},"82":{"start":{"line":2,"column":3741},"end":{"line":2,"column":3792}},"83":{"start":{"line":2,"column":3796},"end":{"line":2,"column":3857}},"84":{"start":{"line":2,"column":3820},"end":{"line":2,"column":3854}},"85":{"start":{"line":2,"column":3864},"end":{"line":2,"column":3866}},"86":{"start":{"line":2,"column":3874},"end":{"line":2,"column":3883}},"87":{"start":{"line":2,"column":3884},"end":{"line":2,"column":3998}},"88":{"start":{"line":2,"column":3895},"end":{"line":2,"column":3896}},"89":{"start":{"line":2,"column":3923},"end":{"line":2,"column":3929}},"90":{"start":{"line":2,"column":3930},"end":{"line":2,"column":3997}},"91":{"start":{"line":2,"column":3949},"end":{"line":2,"column":3976}},"92":{"start":{"line":2,"column":3982},"end":{"line":2,"column":3996}},"93":{"start":{"line":2,"column":4005},"end":{"line":2,"column":4010}},"94":{"start":{"line":2,"column":4011},"end":{"line":2,"column":4031}},"95":{"start":{"line":2,"column":4018},"end":{"line":2,"column":4030}},"96":{"start":{"line":2,"column":4031},"end":{"line":2,"column":4052}},"97":{"start":{"line":2,"column":4052},"end":{"line":2,"column":4182}},"98":{"start":{"line":2,"column":4063},"end":{"line":2,"column":4064}},"99":{"start":{"line":2,"column":4091},"end":{"line":2,"column":4097}},"100":{"start":{"line":2,"column":4098},"end":{"line":2,"column":4116}},"101":{"start":{"line":2,"column":4116},"end":{"line":2,"column":4181}},"102":{"start":{"line":2,"column":4132},"end":{"line":2,"column":4163}},"103":{"start":{"line":2,"column":4150},"end":{"line":2,"column":4162}},"104":{"start":{"line":2,"column":4163},"end":{"line":2,"column":4180}},"105":{"start":{"line":2,"column":4182},"end":{"line":2,"column":4195}},"106":{"start":{"line":2,"column":4195},"end":{"line":2,"column":4213}},"107":{"start":{"line":2,"column":4236},"end":{"line":2,"column":4424}},"108":{"start":{"line":2,"column":4432},"end":{"line":2,"column":4441}},"109":{"start":{"line":2,"column":4449},"end":{"line":2,"column":4451}},"110":{"start":{"line":2,"column":4452},"end":{"line":2,"column":4595}},"111":{"start":{"line":2,"column":4463},"end":{"line":2,"column":4464}},"112":{"start":{"line":2,"column":4468},"end":{"line":2,"column":4469}},"113":{"start":{"line":2,"column":4489},"end":{"line":2,"column":4495}},"114":{"start":{"line":2,"column":4496},"end":{"line":2,"column":4594}},"115":{"start":{"line":2,"column":4509},"end":{"line":2,"column":4513}},"116":{"start":{"line":2,"column":4519},"end":{"line":2,"column":4593}},"117":{"start":{"line":2,"column":4550},"end":{"line":2,"column":4566}},"118":{"start":{"line":2,"column":4567},"end":{"line":2,"column":4592}},"119":{"start":{"line":2,"column":4582},"end":{"line":2,"column":4591}},"120":{"start":{"line":2,"column":4595},"end":{"line":2,"column":4656}},"121":{"start":{"line":2,"column":4606},"end":{"line":2,"column":4607}},"122":{"start":{"line":2,"column":4627},"end":{"line":2,"column":4655}},"123":{"start":{"line":2,"column":4643},"end":{"line":2,"column":4654}},"124":{"start":{"line":2,"column":4656},"end":{"line":2,"column":4845}},"125":{"start":{"line":2,"column":4667},"end":{"line":2,"column":4668}},"126":{"start":{"line":2,"column":4672},"end":{"line":2,"column":4673}},"127":{"start":{"line":2,"column":4693},"end":{"line":2,"column":4699}},"128":{"start":{"line":2,"column":4700},"end":{"line":2,"column":4844}},"129":{"start":{"line":2,"column":4713},"end":{"line":2,"column":4718}},"130":{"start":{"line":2,"column":4718},"end":{"line":2,"column":4754}},"131":{"start":{"line":2,"column":4741},"end":{"line":2,"column":4753}},"132":{"start":{"line":2,"column":4760},"end":{"line":2,"column":4843}},"133":{"start":{"line":2,"column":4791},"end":{"line":2,"column":4807}},"134":{"start":{"line":2,"column":4808},"end":{"line":2,"column":4842}},"135":{"start":{"line":2,"column":4823},"end":{"line":2,"column":4841}},"136":{"start":{"line":2,"column":4845},"end":{"line":2,"column":4919}},"137":{"start":{"line":2,"column":4856},"end":{"line":2,"column":4857}},"138":{"start":{"line":2,"column":4861},"end":{"line":2,"column":4862}},"139":{"start":{"line":2,"column":4875},"end":{"line":2,"column":4918}},"140":{"start":{"line":2,"column":4908},"end":{"line":2,"column":4917}},"141":{"start":{"line":2,"column":4919},"end":{"line":2,"column":5178}},"142":{"start":{"line":2,"column":4940},"end":{"line":2,"column":5177}},"143":{"start":{"line":2,"column":4951},"end":{"line":2,"column":4952}},"144":{"start":{"line":2,"column":4972},"end":{"line":2,"column":4978}},"145":{"start":{"line":2,"column":4986},"end":{"line":2,"column":4998}},"146":{"start":{"line":2,"column":4999},"end":{"line":2,"column":5176}},"147":{"start":{"line":2,"column":5026},"end":{"line":2,"column":5038}},"148":{"start":{"line":2,"column":5044},"end":{"line":2,"column":5175}},"149":{"start":{"line":2,"column":5058},"end":{"line":2,"column":5174}},"150":{"start":{"line":2,"column":5108},"end":{"line":2,"column":5124}},"151":{"start":{"line":2,"column":5125},"end":{"line":2,"column":5172}},"152":{"start":{"line":2,"column":5178},"end":{"line":2,"column":5196}},"153":{"start":{"line":2,"column":5204},"end":{"line":2,"column":5206}},"154":{"start":{"line":2,"column":5207},"end":{"line":2,"column":5327}},"155":{"start":{"line":2,"column":5217},"end":{"line":2,"column":5218}},"156":{"start":{"line":2,"column":5221},"end":{"line":2,"column":5229}},"157":{"start":{"line":2,"column":5246},"end":{"line":2,"column":5250}},"158":{"start":{"line":2,"column":5251},"end":{"line":2,"column":5302}},"159":{"start":{"line":2,"column":5279},"end":{"line":2,"column":5301}},"160":{"start":{"line":2,"column":5302},"end":{"line":2,"column":5326}},"161":{"start":{"line":2,"column":5327},"end":{"line":2,"column":5370}},"162":{"start":{"line":2,"column":5391},"end":{"line":2,"column":5415}},"163":{"start":{"line":2,"column":5422},"end":{"line":2,"column":5424}},"164":{"start":{"line":2,"column":5431},"end":{"line":2,"column":5432}},"165":{"start":{"line":2,"column":5439},"end":{"line":2,"column":5441}},"166":{"start":{"line":2,"column":5448},"end":{"line":2,"column":5449}},"167":{"start":{"line":2,"column":5456},"end":{"line":2,"column":5617}},"168":{"start":{"line":2,"column":5475},"end":{"line":2,"column":5502}},"169":{"start":{"line":2,"column":5508},"end":{"line":2,"column":5616}},"170":{"start":{"line":2,"column":5536},"end":{"line":2,"column":5615}},"171":{"start":{"line":2,"column":5623},"end":{"line":2,"column":5650}},"172":{"start":{"line":2,"column":5667},"end":{"line":2,"column":6045}},"173":{"start":{"line":2,"column":5694},"end":{"line":2,"column":5726}},"174":{"start":{"line":2,"column":5719},"end":{"line":2,"column":5725}},"175":{"start":{"line":2,"column":5726},"end":{"line":2,"column":5780}},"176":{"start":{"line":2,"column":5737},"end":{"line":2,"column":5750}},"177":{"start":{"line":2,"column":5773},"end":{"line":2,"column":5779}},"178":{"start":{"line":2,"column":5787},"end":{"line":2,"column":5798}},"179":{"start":{"line":2,"column":5799},"end":{"line":2,"column":5863}},"180":{"start":{"line":2,"column":5824},"end":{"line":2,"column":5834}},"181":{"start":{"line":2,"column":5834},"end":{"line":2,"column":5846}},"182":{"start":{"line":2,"column":5846},"end":{"line":2,"column":5862}},"183":{"start":{"line":2,"column":5863},"end":{"line":2,"column":5869}},"184":{"start":{"line":2,"column":5890},"end":{"line":2,"column":5902}},"185":{"start":{"line":2,"column":5903},"end":{"line":2,"column":6039}},"186":{"start":{"line":2,"column":5917},"end":{"line":2,"column":5991}},"187":{"start":{"line":2,"column":5924},"end":{"line":2,"column":5956}},"188":{"start":{"line":2,"column":5962},"end":{"line":2,"column":5990}},"189":{"start":{"line":2,"column":5991},"end":{"line":2,"column":5999}},"190":{"start":{"line":2,"column":5999},"end":{"line":2,"column":6009}},"191":{"start":{"line":2,"column":6009},"end":{"line":2,"column":6022}},"192":{"start":{"line":2,"column":6022},"end":{"line":2,"column":6038}},"193":{"start":{"line":2,"column":6039},"end":{"line":2,"column":6044}},"194":{"start":{"line":2,"column":6046},"end":{"line":2,"column":6052}},"195":{"start":{"line":2,"column":6052},"end":{"line":2,"column":6107}},"196":{"start":{"line":2,"column":6128},"end":{"line":2,"column":6142}},"197":{"start":{"line":2,"column":6135},"end":{"line":2,"column":6141}},"198":{"start":{"line":2,"column":6148},"end":{"line":2,"column":6172}},"199":{"start":{"line":2,"column":6173},"end":{"line":2,"column":6178}},"200":{"start":{"line":2,"column":6178},"end":{"line":2,"column":6207}},"201":{"start":{"line":2,"column":6214},"end":{"line":2,"column":6218}},"202":{"start":{"line":2,"column":6239},"end":{"line":2,"column":6248}},"203":{"start":{"line":2,"column":6249},"end":{"line":2,"column":6362}},"204":{"start":{"line":2,"column":6259},"end":{"line":2,"column":6271}},"205":{"start":{"line":2,"column":6297},"end":{"line":2,"column":6307}},"206":{"start":{"line":2,"column":6308},"end":{"line":2,"column":6361}},"207":{"start":{"line":2,"column":6362},"end":{"line":2,"column":6386}},"208":{"start":{"line":2,"column":6409},"end":{"line":2,"column":6411}},"209":{"start":{"line":2,"column":6418},"end":{"line":2,"column":6700}},"210":{"start":{"line":2,"column":6437},"end":{"line":2,"column":6448}},"211":{"start":{"line":2,"column":6456},"end":{"line":2,"column":6458}},"212":{"start":{"line":2,"column":6466},"end":{"line":2,"column":6468}},"213":{"start":{"line":2,"column":6469},"end":{"line":2,"column":6665}},"214":{"start":{"line":2,"column":6480},"end":{"line":2,"column":6481}},"215":{"start":{"line":2,"column":6484},"end":{"line":2,"column":6493}},"216":{"start":{"line":2,"column":6511},"end":{"line":2,"column":6517}},"217":{"start":{"line":2,"column":6525},"end":{"line":2,"column":6529}},"218":{"start":{"line":2,"column":6530},"end":{"line":2,"column":6588}},"219":{"start":{"line":2,"column":6537},"end":{"line":2,"column":6587}},"220":{"start":{"line":2,"column":6548},"end":{"line":2,"column":6557}},"221":{"start":{"line":2,"column":6568},"end":{"line":2,"column":6586}},"222":{"start":{"line":2,"column":6595},"end":{"line":2,"column":6599}},"223":{"start":{"line":2,"column":6607},"end":{"line":2,"column":6612}},"224":{"start":{"line":2,"column":6613},"end":{"line":2,"column":6664}},"225":{"start":{"line":2,"column":6640},"end":{"line":2,"column":6652}},"226":{"start":{"line":2,"column":6652},"end":{"line":2,"column":6663}},"227":{"start":{"line":2,"column":6665},"end":{"line":2,"column":6688}},"228":{"start":{"line":2,"column":6688},"end":{"line":2,"column":6695}},"229":{"start":{"line":2,"column":6706},"end":{"line":2,"column":6714}},"230":{"start":{"line":2,"column":6721},"end":{"line":2,"column":7510}},"231":{"start":{"line":2,"column":6740},"end":{"line":2,"column":6753}},"232":{"start":{"line":2,"column":6756},"end":{"line":2,"column":6766}},"233":{"start":{"line":2,"column":6774},"end":{"line":2,"column":6779}},"234":{"start":{"line":2,"column":6787},"end":{"line":2,"column":6788}},"235":{"start":{"line":2,"column":6796},"end":{"line":2,"column":6810}},"236":{"start":{"line":2,"column":6818},"end":{"line":2,"column":6820}},"237":{"start":{"line":2,"column":6821},"end":{"line":2,"column":7492}},"238":{"start":{"line":2,"column":6832},"end":{"line":2,"column":6833}},"239":{"start":{"line":2,"column":6837},"end":{"line":2,"column":6846}},"240":{"start":{"line":2,"column":6866},"end":{"line":2,"column":6872}},"241":{"start":{"line":2,"column":6880},"end":{"line":2,"column":6886}},"242":{"start":{"line":2,"column":6894},"end":{"line":2,"column":6900}},"243":{"start":{"line":2,"column":6908},"end":{"line":2,"column":7216}},"244":{"start":{"line":2,"column":6933},"end":{"line":2,"column":6941}},"245":{"start":{"line":2,"column":6954},"end":{"line":2,"column":6969}},"246":{"start":{"line":2,"column":6970},"end":{"line":2,"column":7099}},"247":{"start":{"line":2,"column":6977},"end":{"line":2,"column":6996}},"248":{"start":{"line":2,"column":6996},"end":{"line":2,"column":7004}},"249":{"start":{"line":2,"column":7010},"end":{"line":2,"column":7085}},"250":{"start":{"line":2,"column":7021},"end":{"line":2,"column":7022}},"251":{"start":{"line":2,"column":7034},"end":{"line":2,"column":7043}},"252":{"start":{"line":2,"column":7043},"end":{"line":2,"column":7062}},"253":{"start":{"line":2,"column":7062},"end":{"line":2,"column":7084}},"254":{"start":{"line":2,"column":7069},"end":{"line":2,"column":7078}},"255":{"start":{"line":2,"column":7078},"end":{"line":2,"column":7083}},"256":{"start":{"line":2,"column":7085},"end":{"line":2,"column":7098}},"257":{"start":{"line":2,"column":7093},"end":{"line":2,"column":7097}},"258":{"start":{"line":2,"column":7099},"end":{"line":2,"column":7144}},"259":{"start":{"line":2,"column":7144},"end":{"line":2,"column":7197}},"260":{"start":{"line":2,"column":7183},"end":{"line":2,"column":7192}},"261":{"start":{"line":2,"column":7192},"end":{"line":2,"column":7196}},"262":{"start":{"line":2,"column":7197},"end":{"line":2,"column":7215}},"263":{"start":{"line":2,"column":7205},"end":{"line":2,"column":7214}},"264":{"start":{"line":2,"column":7223},"end":{"line":2,"column":7225}},"265":{"start":{"line":2,"column":7226},"end":{"line":2,"column":7240}},"266":{"start":{"line":2,"column":7240},"end":{"line":2,"column":7491}},"267":{"start":{"line":2,"column":7248},"end":{"line":2,"column":7264}},"268":{"start":{"line":2,"column":7277},"end":{"line":2,"column":7282}},"269":{"start":{"line":2,"column":7290},"end":{"line":2,"column":7304}},"270":{"start":{"line":2,"column":7312},"end":{"line":2,"column":7324}},"271":{"start":{"line":2,"column":7325},"end":{"line":2,"column":7377}},"272":{"start":{"line":2,"column":7335},"end":{"line":2,"column":7361}},"273":{"start":{"line":2,"column":7361},"end":{"line":2,"column":7376}},"274":{"start":{"line":2,"column":7384},"end":{"line":2,"column":7399}},"275":{"start":{"line":2,"column":7400},"end":{"line":2,"column":7432}},"276":{"start":{"line":2,"column":7432},"end":{"line":2,"column":7458}},"277":{"start":{"line":2,"column":7458},"end":{"line":2,"column":7490}},"278":{"start":{"line":2,"column":7492},"end":{"line":2,"column":7509}},"279":{"start":{"line":2,"column":7511},"end":{"line":2,"column":7519}},"280":{"start":{"line":2,"column":7540},"end":{"line":2,"column":7542}},"281":{"start":{"line":2,"column":7545},"end":{"line":2,"column":7547}},"282":{"start":{"line":2,"column":7548},"end":{"line":2,"column":8035}},"283":{"start":{"line":2,"column":7574},"end":{"line":2,"column":7781}},"284":{"start":{"line":2,"column":7787},"end":{"line":2,"column":8034}},"285":{"start":{"line":2,"column":7810},"end":{"line":2,"column":7936}},"286":{"start":{"line":2,"column":7942},"end":{"line":2,"column":8033}},"287":{"start":{"line":2,"column":8035},"end":{"line":2,"column":8104}},"288":{"start":{"line":2,"column":8057},"end":{"line":2,"column":8103}},"289":{"start":{"line":2,"column":8110},"end":{"line":2,"column":8124}},"290":{"start":{"line":2,"column":8125},"end":{"line":2,"column":8474}},"291":{"start":{"line":2,"column":8131},"end":{"line":2,"column":8473}},"292":{"start":{"line":2,"column":8152},"end":{"line":2,"column":8346}},"293":{"start":{"line":2,"column":8160},"end":{"line":2,"column":8220}},"294":{"start":{"line":2,"column":8226},"end":{"line":2,"column":8345}},"295":{"start":{"line":2,"column":8346},"end":{"line":2,"column":8433}},"296":{"start":{"line":2,"column":8439},"end":{"line":2,"column":8472}},"297":{"start":{"line":2,"column":8474},"end":{"line":2,"column":8571}},"298":{"start":{"line":2,"column":8495},"end":{"line":2,"column":8528}},"299":{"start":{"line":2,"column":8528},"end":{"line":2,"column":8570}},"300":{"start":{"line":2,"column":8571},"end":{"line":2,"column":8746}},"301":{"start":{"line":2,"column":8598},"end":{"line":2,"column":8693}},"302":{"start":{"line":2,"column":8695},"end":{"line":2,"column":8745}},"303":{"start":{"line":2,"column":8752},"end":{"line":2,"column":8759}},"304":{"start":{"line":2,"column":8760},"end":{"line":2,"column":8780}},"305":{"start":{"line":2,"column":8766},"end":{"line":2,"column":8779}},"306":{"start":{"line":2,"column":8786},"end":{"line":2,"column":8822}},"307":{"start":{"line":2,"column":8823},"end":{"line":2,"column":8904}},"308":{"start":{"line":2,"column":8836},"end":{"line":2,"column":8903}},"309":{"start":{"line":2,"column":8904},"end":{"line":2,"column":8942}},"310":{"start":{"line":2,"column":8942},"end":{"line":2,"column":9257}},"311":{"start":{"line":2,"column":9257},"end":{"line":2,"column":9270}},"312":{"start":{"line":2,"column":9277},"end":{"line":2,"column":9371}},"313":{"start":{"line":2,"column":9395},"end":{"line":2,"column":9419}},"314":{"start":{"line":2,"column":9427},"end":{"line":2,"column":9437}},"315":{"start":{"line":2,"column":9445},"end":{"line":2,"column":9460}},"316":{"start":{"line":2,"column":9467},"end":{"line":2,"column":9622}},"317":{"start":{"line":2,"column":9486},"end":{"line":2,"column":9513}},"318":{"start":{"line":2,"column":9519},"end":{"line":2,"column":9621}},"319":{"start":{"line":2,"column":9547},"end":{"line":2,"column":9620}},"320":{"start":{"line":2,"column":9628},"end":{"line":2,"column":9655}},"321":{"start":{"line":2,"column":9663},"end":{"line":2,"column":9685}},"322":{"start":{"line":2,"column":9686},"end":{"line":2,"column":9735}},"323":{"start":{"line":2,"column":9706},"end":{"line":2,"column":9734}},"324":{"start":{"line":2,"column":9741},"end":{"line":2,"column":9745}},"325":{"start":{"line":2,"column":9762},"end":{"line":2,"column":10258}},"326":{"start":{"line":2,"column":9789},"end":{"line":2,"column":9820}},"327":{"start":{"line":2,"column":9814},"end":{"line":2,"column":9819}},"328":{"start":{"line":2,"column":9820},"end":{"line":2,"column":9959}},"329":{"start":{"line":2,"column":9843},"end":{"line":2,"column":9850}},"330":{"start":{"line":2,"column":9850},"end":{"line":2,"column":9898}},"331":{"start":{"line":2,"column":9868},"end":{"line":2,"column":9897}},"332":{"start":{"line":2,"column":9904},"end":{"line":2,"column":9958}},"333":{"start":{"line":2,"column":9915},"end":{"line":2,"column":9928}},"334":{"start":{"line":2,"column":9951},"end":{"line":2,"column":9957}},"335":{"start":{"line":2,"column":9959},"end":{"line":2,"column":9965}},"336":{"start":{"line":2,"column":9979},"end":{"line":2,"column":10252}},"337":{"start":{"line":2,"column":9992},"end":{"line":2,"column":10004}},"338":{"start":{"line":2,"column":10012},"end":{"line":2,"column":10024}},"339":{"start":{"line":2,"column":10025},"end":{"line":2,"column":10251}},"340":{"start":{"line":2,"column":10039},"end":{"line":2,"column":10063}},"341":{"start":{"line":2,"column":10064},"end":{"line":2,"column":10080}},"342":{"start":{"line":2,"column":10087},"end":{"line":2,"column":10122}},"343":{"start":{"line":2,"column":10123},"end":{"line":2,"column":10205}},"344":{"start":{"line":2,"column":10137},"end":{"line":2,"column":10150}},"345":{"start":{"line":2,"column":10151},"end":{"line":2,"column":10204}},"346":{"start":{"line":2,"column":10205},"end":{"line":2,"column":10212}},"347":{"start":{"line":2,"column":10212},"end":{"line":2,"column":10250}},"348":{"start":{"line":2,"column":10220},"end":{"line":2,"column":10249}},"349":{"start":{"line":2,"column":10252},"end":{"line":2,"column":10257}},"350":{"start":{"line":2,"column":10275},"end":{"line":2,"column":10331}},"351":{"start":{"line":2,"column":10298},"end":{"line":2,"column":10315}},"352":{"start":{"line":2,"column":10315},"end":{"line":2,"column":10330}},"353":{"start":{"line":2,"column":10323},"end":{"line":2,"column":10329}},"354":{"start":{"line":2,"column":10357},"end":{"line":2,"column":10382}},"355":{"start":{"line":2,"column":10390},"end":{"line":2,"column":10403}},"356":{"start":{"line":2,"column":10404},"end":{"line":2,"column":10530}},"357":{"start":{"line":2,"column":10418},"end":{"line":2,"column":10426}},"358":{"start":{"line":2,"column":10434},"end":{"line":2,"column":10448}},"359":{"start":{"line":2,"column":10449},"end":{"line":2,"column":10468}},"360":{"start":{"line":2,"column":10468},"end":{"line":2,"column":10529}},"361":{"start":{"line":2,"column":10479},"end":{"line":2,"column":10481}},"362":{"start":{"line":2,"column":10492},"end":{"line":2,"column":10510}},"363":{"start":{"line":2,"column":10510},"end":{"line":2,"column":10528}},"364":{"start":{"line":2,"column":10530},"end":{"line":2,"column":10539}},"365":{"start":{"line":2,"column":10547},"end":{"line":2,"column":10567}},"366":{"start":{"line":2,"column":10568},"end":{"line":2,"column":10623}},"367":{"start":{"line":2,"column":10617},"end":{"line":2,"column":10622}},"368":{"start":{"line":2,"column":10623},"end":{"line":2,"column":10633}},"369":{"start":{"line":2,"column":10634},"end":{"line":2,"column":10671}},"370":{"start":{"line":2,"column":10644},"end":{"line":2,"column":10645}},"371":{"start":{"line":2,"column":10662},"end":{"line":2,"column":10670}},"372":{"start":{"line":2,"column":10671},"end":{"line":2,"column":10717}},"373":{"start":{"line":2,"column":10687},"end":{"line":2,"column":10716}},"374":{"start":{"line":2,"column":10724},"end":{"line":2,"column":10746}},"375":{"start":{"line":2,"column":10747},"end":{"line":2,"column":10771}},"376":{"start":{"line":2,"column":10777},"end":{"line":2,"column":10802}},"377":{"start":{"line":2,"column":10803},"end":{"line":2,"column":10951}},"378":{"start":{"line":2,"column":10813},"end":{"line":2,"column":10814}},"379":{"start":{"line":2,"column":10817},"end":{"line":2,"column":10825}},"380":{"start":{"line":2,"column":10835},"end":{"line":2,"column":10843}},"381":{"start":{"line":2,"column":10843},"end":{"line":2,"column":10871}},"382":{"start":{"line":2,"column":10871},"end":{"line":2,"column":10932}},"383":{"start":{"line":2,"column":10890},"end":{"line":2,"column":10931}},"384":{"start":{"line":2,"column":10932},"end":{"line":2,"column":10950}},"385":{"start":{"line":2,"column":10951},"end":{"line":2,"column":10968}},"386":{"start":{"line":2,"column":10991},"end":{"line":2,"column":11027}},"387":{"start":{"line":2,"column":11035},"end":{"line":2,"column":11040}},"388":{"start":{"line":2,"column":11048},"end":{"line":2,"column":11061}},"389":{"start":{"line":2,"column":11069},"end":{"line":2,"column":11078}},"390":{"start":{"line":2,"column":11085},"end":{"line":2,"column":11086}},"391":{"start":{"line":2,"column":11094},"end":{"line":2,"column":11102}},"392":{"start":{"line":2,"column":11109},"end":{"line":2,"column":11118}},"393":{"start":{"line":2,"column":11126},"end":{"line":2,"column":11127}},"394":{"start":{"line":2,"column":11134},"end":{"line":2,"column":11148}},"395":{"start":{"line":2,"column":11155},"end":{"line":2,"column":11163}},"396":{"start":{"line":2,"column":11170},"end":{"line":2,"column":11171}},"397":{"start":{"line":2,"column":11172},"end":{"line":2,"column":11180}},"398":{"start":{"line":2,"column":11190},"end":{"line":2,"column":11273}},"399":{"start":{"line":2,"column":11209},"end":{"line":2,"column":11272}},"400":{"start":{"line":2,"column":11229},"end":{"line":2,"column":11245}},"401":{"start":{"line":2,"column":11245},"end":{"line":2,"column":11260}},"402":{"start":{"line":2,"column":11266},"end":{"line":2,"column":11271}},"403":{"start":{"line":2,"column":11273},"end":{"line":2,"column":11278}},"404":{"start":{"line":2,"column":11278},"end":{"line":2,"column":11395}},"405":{"start":{"line":2,"column":11304},"end":{"line":2,"column":11309}},"406":{"start":{"line":2,"column":11317},"end":{"line":2,"column":11324}},"407":{"start":{"line":2,"column":11331},"end":{"line":2,"column":11335}},"408":{"start":{"line":2,"column":11336},"end":{"line":2,"column":11368}},"409":{"start":{"line":2,"column":11363},"end":{"line":2,"column":11367}},"410":{"start":{"line":2,"column":11368},"end":{"line":2,"column":11379}},"411":{"start":{"line":2,"column":11379},"end":{"line":2,"column":11390}},"412":{"start":{"line":2,"column":11390},"end":{"line":2,"column":11394}},"413":{"start":{"line":2,"column":11395},"end":{"line":2,"column":11409}},"414":{"start":{"line":2,"column":11416},"end":{"line":2,"column":11420}},"415":{"start":{"line":2,"column":11421},"end":{"line":2,"column":11892}},"416":{"start":{"line":2,"column":11440},"end":{"line":2,"column":11446}},"417":{"start":{"line":2,"column":11453},"end":{"line":2,"column":11465}},"418":{"start":{"line":2,"column":11473},"end":{"line":2,"column":11477}},"419":{"start":{"line":2,"column":11485},"end":{"line":2,"column":11495}},"420":{"start":{"line":2,"column":11502},"end":{"line":2,"column":11516}},"421":{"start":{"line":2,"column":11524},"end":{"line":2,"column":11532}},"422":{"start":{"line":2,"column":11539},"end":{"line":2,"column":11857}},"423":{"start":{"line":2,"column":11582},"end":{"line":2,"column":11610}},"424":{"start":{"line":2,"column":11589},"end":{"line":2,"column":11609}},"425":{"start":{"line":2,"column":11610},"end":{"line":2,"column":11625}},"426":{"start":{"line":2,"column":11632},"end":{"line":2,"column":11648}},"427":{"start":{"line":2,"column":11656},"end":{"line":2,"column":11680}},"428":{"start":{"line":2,"column":11681},"end":{"line":2,"column":11701}},"429":{"start":{"line":2,"column":11708},"end":{"line":2,"column":11721}},"430":{"start":{"line":2,"column":11722},"end":{"line":2,"column":11745}},"431":{"start":{"line":2,"column":11745},"end":{"line":2,"column":11764}},"432":{"start":{"line":2,"column":11764},"end":{"line":2,"column":11856}},"433":{"start":{"line":2,"column":11772},"end":{"line":2,"column":11821}},"434":{"start":{"line":2,"column":11821},"end":{"line":2,"column":11855}},"435":{"start":{"line":2,"column":11857},"end":{"line":2,"column":11861}},"436":{"start":{"line":2,"column":11861},"end":{"line":2,"column":11876}},"437":{"start":{"line":2,"column":11870},"end":{"line":2,"column":11875}},"438":{"start":{"line":2,"column":11876},"end":{"line":2,"column":11891}},"439":{"start":{"line":2,"column":11886},"end":{"line":2,"column":11890}},"440":{"start":{"line":2,"column":11899},"end":{"line":2,"column":11901}},"441":{"start":{"line":2,"column":11918},"end":{"line":2,"column":12069}},"442":{"start":{"line":2,"column":11928},"end":{"line":2,"column":11936}},"443":{"start":{"line":2,"column":11952},"end":{"line":2,"column":11956}},"444":{"start":{"line":2,"column":11957},"end":{"line":2,"column":12068}},"445":{"start":{"line":2,"column":11982},"end":{"line":2,"column":11988}},"446":{"start":{"line":2,"column":11994},"end":{"line":2,"column":12067}},"447":{"start":{"line":2,"column":12013},"end":{"line":2,"column":12066}},"448":{"start":{"line":2,"column":12086},"end":{"line":2,"column":12166}},"449":{"start":{"line":2,"column":12116},"end":{"line":2,"column":12165}},"450":{"start":{"line":2,"column":12166},"end":{"line":2,"column":12177}},"451":{"start":{"line":2,"column":12178},"end":{"line":2,"column":12200}},"452":{"start":{"line":2,"column":12200},"end":{"line":2,"column":12643}},"453":{"start":{"line":2,"column":12643},"end":{"line":2,"column":13152}},"454":{"start":{"line":2,"column":13152},"end":{"line":2,"column":13189}},"455":{"start":{"line":2,"column":13189},"end":{"line":2,"column":13287}},"456":{"start":{"line":2,"column":13287},"end":{"line":2,"column":13331}},"457":{"start":{"line":2,"column":13331},"end":{"line":2,"column":13424}},"458":{"start":{"line":2,"column":13424},"end":{"line":2,"column":13472}},"459":{"start":{"line":2,"column":13472},"end":{"line":2,"column":13550}},"460":{"start":{"line":2,"column":13550},"end":{"line":2,"column":13646}},"461":{"start":{"line":2,"column":13646},"end":{"line":2,"column":13743}},"462":{"start":{"line":2,"column":13743},"end":{"line":2,"column":13828}},"463":{"start":{"line":2,"column":13828},"end":{"line":2,"column":13893}},"464":{"start":{"line":2,"column":13893},"end":{"line":2,"column":14024}},"465":{"start":{"line":2,"column":14024},"end":{"line":2,"column":14060}},"466":{"start":{"line":2,"column":14080},"end":{"line":2,"column":14095}},"467":{"start":{"line":2,"column":14096},"end":{"line":2,"column":14267}},"468":{"start":{"line":2,"column":14106},"end":{"line":2,"column":14121}},"469":{"start":{"line":2,"column":14128},"end":{"line":2,"column":14140}},"470":{"start":{"line":2,"column":14141},"end":{"line":2,"column":14156}},"471":{"start":{"line":2,"column":14156},"end":{"line":2,"column":14172}},"472":{"start":{"line":2,"column":14172},"end":{"line":2,"column":14184}},"473":{"start":{"line":2,"column":14184},"end":{"line":2,"column":14194}},"474":{"start":{"line":2,"column":14194},"end":{"line":2,"column":14198}},"475":{"start":{"line":2,"column":14208},"end":{"line":2,"column":14266}},"476":{"start":{"line":2,"column":14232},"end":{"line":2,"column":14265}},"477":{"start":{"line":2,"column":14292},"end":{"line":2,"column":14321}},"478":{"start":{"line":2,"column":14322},"end":{"line":2,"column":14336}},"479":{"start":{"line":2,"column":14336},"end":{"line":2,"column":14349}},"480":{"start":{"line":2,"column":14342},"end":{"line":2,"column":14348}},"481":{"start":{"line":2,"column":14355},"end":{"line":2,"column":14399}},"482":{"start":{"line":2,"column":14400},"end":{"line":2,"column":14405}},"483":{"start":{"line":2,"column":14405},"end":{"line":2,"column":14423}},"484":{"start":{"line":2,"column":14454},"end":{"line":2,"column":14494}},"485":{"start":{"line":2,"column":14502},"end":{"line":2,"column":14531}},"486":{"start":{"line":2,"column":14538},"end":{"line":2,"column":14540}},"487":{"start":{"line":2,"column":14541},"end":{"line":2,"column":14629}},"488":{"start":{"line":2,"column":14552},"end":{"line":2,"column":14553}},"489":{"start":{"line":2,"column":14573},"end":{"line":2,"column":14628}},"490":{"start":{"line":2,"column":14583},"end":{"line":2,"column":14584}},"491":{"start":{"line":2,"column":14587},"end":{"line":2,"column":14600}},"492":{"start":{"line":2,"column":14610},"end":{"line":2,"column":14627}},"493":{"start":{"line":2,"column":14629},"end":{"line":2,"column":14637}},"494":{"start":{"line":2,"column":14643},"end":{"line":2,"column":14647}},"495":{"start":{"line":2,"column":14648},"end":{"line":2,"column":14698}},"496":{"start":{"line":2,"column":14659},"end":{"line":2,"column":14697}},"497":{"start":{"line":2,"column":14677},"end":{"line":2,"column":14695}},"498":{"start":{"line":2,"column":14704},"end":{"line":2,"column":14705}},"499":{"start":{"line":2,"column":14719},"end":{"line":2,"column":14751}},"500":{"start":{"line":2,"column":14759},"end":{"line":2,"column":14776}},"501":{"start":{"line":2,"column":14798},"end":{"line":2,"column":14852}},"502":{"start":{"line":2,"column":14854},"end":{"line":2,"column":15434}},"503":{"start":{"line":2,"column":14894},"end":{"line":2,"column":14898}},"504":{"start":{"line":2,"column":14906},"end":{"line":2,"column":14918}},"505":{"start":{"line":2,"column":14919},"end":{"line":2,"column":15433}},"506":{"start":{"line":2,"column":14959},"end":{"line":2,"column":14971}},"507":{"start":{"line":2,"column":14979},"end":{"line":2,"column":15046}},"508":{"start":{"line":2,"column":15020},"end":{"line":2,"column":15045}},"509":{"start":{"line":2,"column":15046},"end":{"line":2,"column":15062}},"510":{"start":{"line":2,"column":15053},"end":{"line":2,"column":15061}},"511":{"start":{"line":2,"column":15069},"end":{"line":2,"column":15074}},"512":{"start":{"line":2,"column":15075},"end":{"line":2,"column":15256}},"513":{"start":{"line":2,"column":15086},"end":{"line":2,"column":15099}},"514":{"start":{"line":2,"column":15121},"end":{"line":2,"column":15255}},"515":{"start":{"line":2,"column":15241},"end":{"line":2,"column":15249}},"516":{"start":{"line":2,"column":15249},"end":{"line":2,"column":15254}},"517":{"start":{"line":2,"column":15256},"end":{"line":2,"column":15432}},"518":{"start":{"line":2,"column":15271},"end":{"line":2,"column":15316}},"519":{"start":{"line":2,"column":15317},"end":{"line":2,"column":15361}},"520":{"start":{"line":2,"column":15361},"end":{"line":2,"column":15377}},"521":{"start":{"line":2,"column":15368},"end":{"line":2,"column":15376}},"522":{"start":{"line":2,"column":15377},"end":{"line":2,"column":15427}},"523":{"start":{"line":2,"column":15427},"end":{"line":2,"column":15431}},"524":{"start":{"line":2,"column":15434},"end":{"line":2,"column":15485}},"525":{"start":{"line":2,"column":15449},"end":{"line":2,"column":15466}},"526":{"start":{"line":2,"column":15472},"end":{"line":2,"column":15484}},"527":{"start":{"line":2,"column":15479},"end":{"line":2,"column":15483}},"528":{"start":{"line":2,"column":15486},"end":{"line":2,"column":15489}},"529":{"start":{"line":2,"column":15490},"end":{"line":2,"column":15514}},"530":{"start":{"line":2,"column":15514},"end":{"line":2,"column":15535}},"531":{"start":{"line":2,"column":15535},"end":{"line":2,"column":15780}},"532":{"start":{"line":2,"column":15785},"end":{"line":2,"column":16550}},"533":{"start":{"line":2,"column":16550},"end":{"line":2,"column":17330}},"534":{"start":{"line":2,"column":17330},"end":{"line":2,"column":17476}},"535":{"start":{"line":2,"column":17476},"end":{"line":2,"column":17568}}},"fnMap":{"0":{"name":"(anonymous_0)","decl":{"start":{"line":2,"column":40},"end":{"line":2,"column":41}},"loc":{"start":{"line":2,"column":50},"end":{"line":2,"column":15781}},"line":2},"1":{"name":"k","decl":{"start":{"line":2,"column":2533},"end":{"line":2,"column":2534}},"loc":{"start":{"line":2,"column":2537},"end":{"line":2,"column":5371}},"line":2},"2":{"name":"ab","decl":{"start":{"line":2,"column":2799},"end":{"line":2,"column":2801}},"loc":{"start":{"line":2,"column":2805},"end":{"line":2,"column":3055}},"line":2},"3":{"name":"T","decl":{"start":{"line":2,"column":3064},"end":{"line":2,"column":3065}},"loc":{"start":{"line":2,"column":3069},"end":{"line":2,"column":3219}},"line":2},"4":{"name":"X","decl":{"start":{"line":2,"column":3228},"end":{"line":2,"column":3229}},"loc":{"start":{"line":2,"column":3233},"end":{"line":2,"column":4214}},"line":2},"5":{"name":"(anonymous_5)","decl":{"start":{"line":2,"column":3804},"end":{"line":2,"column":3805}},"loc":{"start":{"line":2,"column":3819},"end":{"line":2,"column":3855}},"line":2},"6":{"name":"W","decl":{"start":{"line":2,"column":4223},"end":{"line":2,"column":4224}},"loc":{"start":{"line":2,"column":4228},"end":{"line":2,"column":5197}},"line":2},"7":{"name":"(anonymous_7)","decl":{"start":{"line":2,"column":5088},"end":{"line":2,"column":5089}},"loc":{"start":{"line":2,"column":5100},"end":{"line":2,"column":5173}},"line":2},"8":{"name":"a","decl":{"start":{"line":2,"column":5380},"end":{"line":2,"column":5381}},"loc":{"start":{"line":2,"column":5384},"end":{"line":2,"column":6108}},"line":2},"9":{"name":"aa","decl":{"start":{"line":2,"column":5660},"end":{"line":2,"column":5662}},"loc":{"start":{"line":2,"column":5666},"end":{"line":2,"column":6046}},"line":2},"10":{"name":"B","decl":{"start":{"line":2,"column":6117},"end":{"line":2,"column":6118}},"loc":{"start":{"line":2,"column":6127},"end":{"line":2,"column":6208}},"line":2},"11":{"name":"o","decl":{"start":{"line":2,"column":6228},"end":{"line":2,"column":6229}},"loc":{"start":{"line":2,"column":6232},"end":{"line":2,"column":6387}},"line":2},"12":{"name":"g","decl":{"start":{"line":2,"column":6396},"end":{"line":2,"column":6397}},"loc":{"start":{"line":2,"column":6402},"end":{"line":2,"column":7520}},"line":2},"13":{"name":"(anonymous_13)","decl":{"start":{"line":2,"column":6419},"end":{"line":2,"column":6420}},"loc":{"start":{"line":2,"column":6429},"end":{"line":2,"column":6696}},"line":2},"14":{"name":"(anonymous_14)","decl":{"start":{"line":2,"column":6721},"end":{"line":2,"column":6722}},"loc":{"start":{"line":2,"column":6733},"end":{"line":2,"column":7510}},"line":2},"15":{"name":"i","decl":{"start":{"line":2,"column":7529},"end":{"line":2,"column":7530}},"loc":{"start":{"line":2,"column":7533},"end":{"line":2,"column":9271}},"line":2},"16":{"name":"Q","decl":{"start":{"line":2,"column":9381},"end":{"line":2,"column":9382}},"loc":{"start":{"line":2,"column":9388},"end":{"line":2,"column":10969}},"line":2},"17":{"name":"ae","decl":{"start":{"line":2,"column":9755},"end":{"line":2,"column":9757}},"loc":{"start":{"line":2,"column":9761},"end":{"line":2,"column":10259}},"line":2},"18":{"name":"ad","decl":{"start":{"line":2,"column":10268},"end":{"line":2,"column":10270}},"loc":{"start":{"line":2,"column":10274},"end":{"line":2,"column":10634}},"line":2},"19":{"name":"ai","decl":{"start":{"line":2,"column":10340},"end":{"line":2,"column":10342}},"loc":{"start":{"line":2,"column":10349},"end":{"line":2,"column":10540}},"line":2},"20":{"name":"D","decl":{"start":{"line":2,"column":10978},"end":{"line":2,"column":10979}},"loc":{"start":{"line":2,"column":10983},"end":{"line":2,"column":11893}},"line":2},"21":{"name":"c","decl":{"start":{"line":2,"column":11911},"end":{"line":2,"column":11912}},"loc":{"start":{"line":2,"column":11917},"end":{"line":2,"column":12070}},"line":2},"22":{"name":"q","decl":{"start":{"line":2,"column":12079},"end":{"line":2,"column":12080}},"loc":{"start":{"line":2,"column":12085},"end":{"line":2,"column":12178}},"line":2},"23":{"name":"d","decl":{"start":{"line":2,"column":14069},"end":{"line":2,"column":14070}},"loc":{"start":{"line":2,"column":14073},"end":{"line":2,"column":14268}},"line":2},"24":{"name":"y","decl":{"start":{"line":2,"column":14277},"end":{"line":2,"column":14278}},"loc":{"start":{"line":2,"column":14285},"end":{"line":2,"column":14424}},"line":2},"25":{"name":"b","decl":{"start":{"line":2,"column":14433},"end":{"line":2,"column":14434}},"loc":{"start":{"line":2,"column":14438},"end":{"line":2,"column":15490}},"line":2},"26":{"name":"Y","decl":{"start":{"line":2,"column":14448},"end":{"line":2,"column":14449}},"loc":{"start":{"line":2,"column":14453},"end":{"line":2,"column":14495}},"line":2},"27":{"name":"(anonymous_27)","decl":{"start":{"line":2,"column":14666},"end":{"line":2,"column":14667}},"loc":{"start":{"line":2,"column":14676},"end":{"line":2,"column":14696}},"line":2},"28":{"name":"U","decl":{"start":{"line":2,"column":14786},"end":{"line":2,"column":14787}},"loc":{"start":{"line":2,"column":14789},"end":{"line":2,"column":15486}},"line":2}},"branchMap":{"0":{"loc":{"start":{"line":2,"column":2616},"end":{"line":2,"column":2753}},"type":"if","locations":[{"start":{"line":2,"column":2616},"end":{"line":2,"column":2753}},{"start":{"line":2,"column":2646},"end":{"line":2,"column":2753}}],"line":2},"1":{"loc":{"start":{"line":2,"column":2647},"end":{"line":2,"column":2752}},"type":"if","locations":[{"start":{"line":2,"column":2647},"end":{"line":2,"column":2752}},{"start":{},"end":{}}],"line":2},"2":{"loc":{"start":{"line":2,"column":2830},"end":{"line":2,"column":2852}},"type":"if","locations":[{"start":{"line":2,"column":2830},"end":{"line":2,"column":2852}},{"start":{},"end":{}}],"line":2},"3":{"loc":{"start":{"line":2,"column":2881},"end":{"line":2,"column":3054}},"type":"if","locations":[{"start":{"line":2,"column":2881},"end":{"line":2,"column":3054}},{"start":{"line":2,"column":2902},"end":{"line":2,"column":3054}}],"line":2},"4":{"loc":{"start":{"line":2,"column":2903},"end":{"line":2,"column":3053}},"type":"if","locations":[{"start":{"line":2,"column":2903},"end":{"line":2,"column":3053}},{"start":{"line":2,"column":2963},"end":{"line":2,"column":3053}}],"line":2},"5":{"loc":{"start":{"line":2,"column":2906},"end":{"line":2,"column":2922}},"type":"binary-expr","locations":[{"start":{"line":2,"column":2906},"end":{"line":2,"column":2913}},{"start":{"line":2,"column":2915},"end":{"line":2,"column":2922}}],"line":2},"6":{"loc":{"start":{"line":2,"column":2964},"end":{"line":2,"column":3052}},"type":"if","locations":[{"start":{"line":2,"column":2964},"end":{"line":2,"column":3052}},{"start":{"line":2,"column":3027},"end":{"line":2,"column":3052}}],"line":2},"7":{"loc":{"start":{"line":2,"column":2967},"end":{"line":2,"column":2985}},"type":"binary-expr","locations":[{"start":{"line":2,"column":2967},"end":{"line":2,"column":2975}},{"start":{"line":2,"column":2977},"end":{"line":2,"column":2985}}],"line":2},"8":{"loc":{"start":{"line":2,"column":3070},"end":{"line":2,"column":3123}},"type":"if","locations":[{"start":{"line":2,"column":3070},"end":{"line":2,"column":3123}},{"start":{},"end":{}}],"line":2},"9":{"loc":{"start":{"line":2,"column":3087},"end":{"line":2,"column":3105}},"type":"cond-expr","locations":[{"start":{"line":2,"column":3093},"end":{"line":2,"column":3099}},{"start":{"line":2,"column":3100},"end":{"line":2,"column":3105}}],"line":2},"10":{"loc":{"start":{"line":2,"column":3154},"end":{"line":2,"column":3209}},"type":"if","locations":[{"start":{"line":2,"column":3154},"end":{"line":2,"column":3209}},{"start":{},"end":{}}],"line":2},"11":{"loc":{"start":{"line":2,"column":3157},"end":{"line":2,"column":3196}},"type":"binary-expr","locations":[{"start":{"line":2,"column":3157},"end":{"line":2,"column":3166}},{"start":{"line":2,"column":3168},"end":{"line":2,"column":3176}},{"start":{"line":2,"column":3178},"end":{"line":2,"column":3186}},{"start":{"line":2,"column":3188},"end":{"line":2,"column":3196}}],"line":2},"12":{"loc":{"start":{"line":2,"column":3443},"end":{"line":2,"column":3449}},"type":"cond-expr","locations":[{"start":{"line":2,"column":3446},"end":{"line":2,"column":3447}},{"start":{"line":2,"column":3448},"end":{"line":2,"column":3449}}],"line":2},"13":{"loc":{"start":{"line":2,"column":3489},"end":{"line":2,"column":3795}},"type":"if","locations":[{"start":{"line":2,"column":3489},"end":{"line":2,"column":3795}},{"start":{"line":2,"column":3530},"end":{"line":2,"column":3795}}],"line":2},"14":{"loc":{"start":{"line":2,"column":3552},"end":{"line":2,"column":3613}},"type":"if","locations":[{"start":{"line":2,"column":3552},"end":{"line":2,"column":3613}},{"start":{"line":2,"column":3606},"end":{"line":2,"column":3613}}],"line":2},"15":{"loc":{"start":{"line":2,"column":3555},"end":{"line":2,"column":3578}},"type":"binary-expr","locations":[{"start":{"line":2,"column":3555},"end":{"line":2,"column":3562}},{"start":{"line":2,"column":3564},"end":{"line":2,"column":3578}}],"line":2},"16":{"loc":{"start":{"line":2,"column":3630},"end":{"line":2,"column":3794}},"type":"if","locations":[{"start":{"line":2,"column":3630},"end":{"line":2,"column":3794}},{"start":{},"end":{}}],"line":2},"17":{"loc":{"start":{"line":2,"column":3635},"end":{"line":2,"column":3648}},"type":"binary-expr","locations":[{"start":{"line":2,"column":3635},"end":{"line":2,"column":3640}},{"start":{"line":2,"column":3642},"end":{"line":2,"column":3648}}],"line":2},"18":{"loc":{"start":{"line":2,"column":3651},"end":{"line":2,"column":3720}},"type":"if","locations":[{"start":{"line":2,"column":3651},"end":{"line":2,"column":3720}},{"start":{},"end":{}}],"line":2},"19":{"loc":{"start":{"line":2,"column":3656},"end":{"line":2,"column":3668}},"type":"binary-expr","locations":[{"start":{"line":2,"column":3656},"end":{"line":2,"column":3661}},{"start":{"line":2,"column":3663},"end":{"line":2,"column":3668}}],"line":2},"20":{"loc":{"start":{"line":2,"column":3720},"end":{"line":2,"column":3793}},"type":"if","locations":[{"start":{"line":2,"column":3720},"end":{"line":2,"column":3793}},{"start":{},"end":{}}],"line":2},"21":{"loc":{"start":{"line":2,"column":3725},"end":{"line":2,"column":3738}},"type":"binary-expr","locations":[{"start":{"line":2,"column":3725},"end":{"line":2,"column":3730}},{"start":{"line":2,"column":3732},"end":{"line":2,"column":3738}}],"line":2},"22":{"loc":{"start":{"line":2,"column":3826},"end":{"line":2,"column":3854}},"type":"binary-expr","locations":[{"start":{"line":2,"column":3827},"end":{"line":2,"column":3838}},{"start":{"line":2,"column":3842},"end":{"line":2,"column":3853}}],"line":2},"23":{"loc":{"start":{"line":2,"column":3930},"end":{"line":2,"column":3997}},"type":"if","locations":[{"start":{"line":2,"column":3930},"end":{"line":2,"column":3997}},{"start":{"line":2,"column":3981},"end":{"line":2,"column":3997}}],"line":2},"24":{"loc":{"start":{"line":2,"column":4011},"end":{"line":2,"column":4031}},"type":"if","locations":[{"start":{"line":2,"column":4011},"end":{"line":2,"column":4031}},{"start":{},"end":{}}],"line":2},"25":{"loc":{"start":{"line":2,"column":4116},"end":{"line":2,"column":4181}},"type":"if","locations":[{"start":{"line":2,"column":4116},"end":{"line":2,"column":4181}},{"start":{},"end":{}}],"line":2},"26":{"loc":{"start":{"line":2,"column":4132},"end":{"line":2,"column":4163}},"type":"if","locations":[{"start":{"line":2,"column":4132},"end":{"line":2,"column":4163}},{"start":{},"end":{}}],"line":2},"27":{"loc":{"start":{"line":2,"column":4496},"end":{"line":2,"column":4594}},"type":"if","locations":[{"start":{"line":2,"column":4496},"end":{"line":2,"column":4594}},{"start":{"line":2,"column":4518},"end":{"line":2,"column":4594}}],"line":2},"28":{"loc":{"start":{"line":2,"column":4519},"end":{"line":2,"column":4593}},"type":"if","locations":[{"start":{"line":2,"column":4519},"end":{"line":2,"column":4593}},{"start":{},"end":{}}],"line":2},"29":{"loc":{"start":{"line":2,"column":4567},"end":{"line":2,"column":4592}},"type":"if","locations":[{"start":{"line":2,"column":4567},"end":{"line":2,"column":4592}},{"start":{},"end":{}}],"line":2},"30":{"loc":{"start":{"line":2,"column":4570},"end":{"line":2,"column":4580}},"type":"binary-expr","locations":[{"start":{"line":2,"column":4570},"end":{"line":2,"column":4572}},{"start":{"line":2,"column":4574},"end":{"line":2,"column":4580}}],"line":2},"31":{"loc":{"start":{"line":2,"column":4627},"end":{"line":2,"column":4655}},"type":"if","locations":[{"start":{"line":2,"column":4627},"end":{"line":2,"column":4655}},{"start":{},"end":{}}],"line":2},"32":{"loc":{"start":{"line":2,"column":4700},"end":{"line":2,"column":4844}},"type":"if","locations":[{"start":{"line":2,"column":4700},"end":{"line":2,"column":4844}},{"start":{"line":2,"column":4759},"end":{"line":2,"column":4844}}],"line":2},"33":{"loc":{"start":{"line":2,"column":4718},"end":{"line":2,"column":4754}},"type":"if","locations":[{"start":{"line":2,"column":4718},"end":{"line":2,"column":4754}},{"start":{},"end":{}}],"line":2},"34":{"loc":{"start":{"line":2,"column":4760},"end":{"line":2,"column":4843}},"type":"if","locations":[{"start":{"line":2,"column":4760},"end":{"line":2,"column":4843}},{"start":{},"end":{}}],"line":2},"35":{"loc":{"start":{"line":2,"column":4808},"end":{"line":2,"column":4842}},"type":"if","locations":[{"start":{"line":2,"column":4808},"end":{"line":2,"column":4842}},{"start":{},"end":{}}],"line":2},"36":{"loc":{"start":{"line":2,"column":4811},"end":{"line":2,"column":4821}},"type":"binary-expr","locations":[{"start":{"line":2,"column":4811},"end":{"line":2,"column":4813}},{"start":{"line":2,"column":4815},"end":{"line":2,"column":4821}}],"line":2},"37":{"loc":{"start":{"line":2,"column":4875},"end":{"line":2,"column":4918}},"type":"if","locations":[{"start":{"line":2,"column":4875},"end":{"line":2,"column":4918}},{"start":{},"end":{}}],"line":2},"38":{"loc":{"start":{"line":2,"column":4878},"end":{"line":2,"column":4906}},"type":"binary-expr","locations":[{"start":{"line":2,"column":4878},"end":{"line":2,"column":4890}},{"start":{"line":2,"column":4892},"end":{"line":2,"column":4906}}],"line":2},"39":{"loc":{"start":{"line":2,"column":4919},"end":{"line":2,"column":5178}},"type":"if","locations":[{"start":{"line":2,"column":4919},"end":{"line":2,"column":5178}},{"start":{},"end":{}}],"line":2},"40":{"loc":{"start":{"line":2,"column":4922},"end":{"line":2,"column":4938}},"type":"binary-expr","locations":[{"start":{"line":2,"column":4922},"end":{"line":2,"column":4935}},{"start":{"line":2,"column":4937},"end":{"line":2,"column":4938}}],"line":2},"41":{"loc":{"start":{"line":2,"column":4999},"end":{"line":2,"column":5176}},"type":"if","locations":[{"start":{"line":2,"column":4999},"end":{"line":2,"column":5176}},{"start":{"line":2,"column":5043},"end":{"line":2,"column":5176}}],"line":2},"42":{"loc":{"start":{"line":2,"column":5002},"end":{"line":2,"column":5024}},"type":"binary-expr","locations":[{"start":{"line":2,"column":5002},"end":{"line":2,"column":5014}},{"start":{"line":2,"column":5016},"end":{"line":2,"column":5024}}],"line":2},"43":{"loc":{"start":{"line":2,"column":5044},"end":{"line":2,"column":5175}},"type":"if","locations":[{"start":{"line":2,"column":5044},"end":{"line":2,"column":5175}},{"start":{},"end":{}}],"line":2},"44":{"loc":{"start":{"line":2,"column":5251},"end":{"line":2,"column":5302}},"type":"if","locations":[{"start":{"line":2,"column":5251},"end":{"line":2,"column":5302}},{"start":{},"end":{}}],"line":2},"45":{"loc":{"start":{"line":2,"column":5254},"end":{"line":2,"column":5277}},"type":"binary-expr","locations":[{"start":{"line":2,"column":5254},"end":{"line":2,"column":5263}},{"start":{"line":2,"column":5265},"end":{"line":2,"column":5277}}],"line":2},"46":{"loc":{"start":{"line":2,"column":5358},"end":{"line":2,"column":5369}},"type":"cond-expr","locations":[{"start":{"line":2,"column":5361},"end":{"line":2,"column":5365}},{"start":{"line":2,"column":5366},"end":{"line":2,"column":5369}}],"line":2},"47":{"loc":{"start":{"line":2,"column":5456},"end":{"line":2,"column":5617}},"type":"if","locations":[{"start":{"line":2,"column":5456},"end":{"line":2,"column":5617}},{"start":{"line":2,"column":5507},"end":{"line":2,"column":5617}}],"line":2},"48":{"loc":{"start":{"line":2,"column":5508},"end":{"line":2,"column":5616}},"type":"if","locations":[{"start":{"line":2,"column":5508},"end":{"line":2,"column":5616}},{"start":{},"end":{}}],"line":2},"49":{"loc":{"start":{"line":2,"column":5623},"end":{"line":2,"column":5650}},"type":"binary-expr","locations":[{"start":{"line":2,"column":5623},"end":{"line":2,"column":5624}},{"start":{"line":2,"column":5626},"end":{"line":2,"column":5650}}],"line":2},"50":{"loc":{"start":{"line":2,"column":5667},"end":{"line":2,"column":6045}},"type":"switch","locations":[{"start":{"line":2,"column":5687},"end":{"line":2,"column":5869}},{"start":{"line":2,"column":5869},"end":{"line":2,"column":5876}},{"start":{"line":2,"column":5876},"end":{"line":2,"column":6044}}],"line":2},"51":{"loc":{"start":{"line":2,"column":5694},"end":{"line":2,"column":5726}},"type":"if","locations":[{"start":{"line":2,"column":5694},"end":{"line":2,"column":5726}},{"start":{},"end":{}}],"line":2},"52":{"loc":{"start":{"line":2,"column":5799},"end":{"line":2,"column":5863}},"type":"if","locations":[{"start":{"line":2,"column":5799},"end":{"line":2,"column":5863}},{"start":{},"end":{}}],"line":2},"53":{"loc":{"start":{"line":2,"column":5802},"end":{"line":2,"column":5822}},"type":"binary-expr","locations":[{"start":{"line":2,"column":5802},"end":{"line":2,"column":5811}},{"start":{"line":2,"column":5813},"end":{"line":2,"column":5822}}],"line":2},"54":{"loc":{"start":{"line":2,"column":5903},"end":{"line":2,"column":6039}},"type":"if","locations":[{"start":{"line":2,"column":5903},"end":{"line":2,"column":6039}},{"start":{},"end":{}}],"line":2},"55":{"loc":{"start":{"line":2,"column":5917},"end":{"line":2,"column":5991}},"type":"if","locations":[{"start":{"line":2,"column":5917},"end":{"line":2,"column":5991}},{"start":{"line":2,"column":5961},"end":{"line":2,"column":5991}}],"line":2},"56":{"loc":{"start":{"line":2,"column":6128},"end":{"line":2,"column":6142}},"type":"if","locations":[{"start":{"line":2,"column":6128},"end":{"line":2,"column":6142}},{"start":{},"end":{}}],"line":2},"57":{"loc":{"start":{"line":2,"column":6310},"end":{"line":2,"column":6361}},"type":"cond-expr","locations":[{"start":{"line":2,"column":6319},"end":{"line":2,"column":6324}},{"start":{"line":2,"column":6326},"end":{"line":2,"column":6361}}],"line":2},"58":{"loc":{"start":{"line":2,"column":6319},"end":{"line":2,"column":6324}},"type":"cond-expr","locations":[{"start":{"line":2,"column":6321},"end":{"line":2,"column":6322}},{"start":{"line":2,"column":6323},"end":{"line":2,"column":6324}}],"line":2},"59":{"loc":{"start":{"line":2,"column":6326},"end":{"line":2,"column":6361}},"type":"cond-expr","locations":[{"start":{"line":2,"column":6335},"end":{"line":2,"column":6358}},{"start":{"line":2,"column":6360},"end":{"line":2,"column":6361}}],"line":2},"60":{"loc":{"start":{"line":2,"column":6335},"end":{"line":2,"column":6358}},"type":"cond-expr","locations":[{"start":{"line":2,"column":6355},"end":{"line":2,"column":6356}},{"start":{"line":2,"column":6357},"end":{"line":2,"column":6358}}],"line":2},"61":{"loc":{"start":{"line":2,"column":6369},"end":{"line":2,"column":6386}},"type":"cond-expr","locations":[{"start":{"line":2,"column":6375},"end":{"line":2,"column":6384}},{"start":{"line":2,"column":6385},"end":{"line":2,"column":6386}}],"line":2},"62":{"loc":{"start":{"line":2,"column":6530},"end":{"line":2,"column":6588}},"type":"if","locations":[{"start":{"line":2,"column":6530},"end":{"line":2,"column":6588}},{"start":{},"end":{}}],"line":2},"63":{"loc":{"start":{"line":2,"column":6613},"end":{"line":2,"column":6664}},"type":"if","locations":[{"start":{"line":2,"column":6613},"end":{"line":2,"column":6664}},{"start":{},"end":{}}],"line":2},"64":{"loc":{"start":{"line":2,"column":6796},"end":{"line":2,"column":6810}},"type":"binary-expr","locations":[{"start":{"line":2,"column":6796},"end":{"line":2,"column":6806}},{"start":{"line":2,"column":6808},"end":{"line":2,"column":6810}}],"line":2},"65":{"loc":{"start":{"line":2,"column":6908},"end":{"line":2,"column":7216}},"type":"if","locations":[{"start":{"line":2,"column":6908},"end":{"line":2,"column":7216}},{"start":{"line":2,"column":6946},"end":{"line":2,"column":7216}}],"line":2},"66":{"loc":{"start":{"line":2,"column":6970},"end":{"line":2,"column":7099}},"type":"if","locations":[{"start":{"line":2,"column":6970},"end":{"line":2,"column":7099}},{"start":{"line":2,"column":7009},"end":{"line":2,"column":7099}}],"line":2},"67":{"loc":{"start":{"line":2,"column":7062},"end":{"line":2,"column":7084}},"type":"if","locations":[{"start":{"line":2,"column":7062},"end":{"line":2,"column":7084}},{"start":{},"end":{}}],"line":2},"68":{"loc":{"start":{"line":2,"column":7085},"end":{"line":2,"column":7098}},"type":"if","locations":[{"start":{"line":2,"column":7085},"end":{"line":2,"column":7098}},{"start":{},"end":{}}],"line":2},"69":{"loc":{"start":{"line":2,"column":7102},"end":{"line":2,"column":7143}},"type":"binary-expr","locations":[{"start":{"line":2,"column":7102},"end":{"line":2,"column":7114}},{"start":{"line":2,"column":7116},"end":{"line":2,"column":7143}}],"line":2},"70":{"loc":{"start":{"line":2,"column":7144},"end":{"line":2,"column":7197}},"type":"if","locations":[{"start":{"line":2,"column":7144},"end":{"line":2,"column":7197}},{"start":{},"end":{}}],"line":2},"71":{"loc":{"start":{"line":2,"column":7147},"end":{"line":2,"column":7181}},"type":"binary-expr","locations":[{"start":{"line":2,"column":7147},"end":{"line":2,"column":7149}},{"start":{"line":2,"column":7151},"end":{"line":2,"column":7181}}],"line":2},"72":{"loc":{"start":{"line":2,"column":7153},"end":{"line":2,"column":7180}},"type":"binary-expr","locations":[{"start":{"line":2,"column":7153},"end":{"line":2,"column":7155}},{"start":{"line":2,"column":7157},"end":{"line":2,"column":7180}}],"line":2},"73":{"loc":{"start":{"line":2,"column":7197},"end":{"line":2,"column":7215}},"type":"if","locations":[{"start":{"line":2,"column":7197},"end":{"line":2,"column":7215}},{"start":{},"end":{}}],"line":2},"74":{"loc":{"start":{"line":2,"column":7240},"end":{"line":2,"column":7491}},"type":"if","locations":[{"start":{"line":2,"column":7240},"end":{"line":2,"column":7491}},{"start":{"line":2,"column":7269},"end":{"line":2,"column":7491}}],"line":2},"75":{"loc":{"start":{"line":2,"column":7325},"end":{"line":2,"column":7377}},"type":"if","locations":[{"start":{"line":2,"column":7325},"end":{"line":2,"column":7377}},{"start":{},"end":{}}],"line":2},"76":{"loc":{"start":{"line":2,"column":7548},"end":{"line":2,"column":8035}},"type":"if","locations":[{"start":{"line":2,"column":7548},"end":{"line":2,"column":8035}},{"start":{"line":2,"column":7786},"end":{"line":2,"column":8035}}],"line":2},"77":{"loc":{"start":{"line":2,"column":7787},"end":{"line":2,"column":8034}},"type":"if","locations":[{"start":{"line":2,"column":7787},"end":{"line":2,"column":8034}},{"start":{"line":2,"column":7941},"end":{"line":2,"column":8034}}],"line":2},"78":{"loc":{"start":{"line":2,"column":8035},"end":{"line":2,"column":8104}},"type":"if","locations":[{"start":{"line":2,"column":8035},"end":{"line":2,"column":8104}},{"start":{},"end":{}}],"line":2},"79":{"loc":{"start":{"line":2,"column":8125},"end":{"line":2,"column":8474}},"type":"if","locations":[{"start":{"line":2,"column":8125},"end":{"line":2,"column":8474}},{"start":{},"end":{}}],"line":2},"80":{"loc":{"start":{"line":2,"column":8131},"end":{"line":2,"column":8473}},"type":"if","locations":[{"start":{"line":2,"column":8131},"end":{"line":2,"column":8473}},{"start":{"line":2,"column":8438},"end":{"line":2,"column":8473}}],"line":2},"81":{"loc":{"start":{"line":2,"column":8152},"end":{"line":2,"column":8346}},"type":"if","locations":[{"start":{"line":2,"column":8152},"end":{"line":2,"column":8346}},{"start":{"line":2,"column":8225},"end":{"line":2,"column":8346}}],"line":2},"82":{"loc":{"start":{"line":2,"column":8474},"end":{"line":2,"column":8571}},"type":"if","locations":[{"start":{"line":2,"column":8474},"end":{"line":2,"column":8571}},{"start":{},"end":{}}],"line":2},"83":{"loc":{"start":{"line":2,"column":8571},"end":{"line":2,"column":8746}},"type":"if","locations":[{"start":{"line":2,"column":8571},"end":{"line":2,"column":8746}},{"start":{},"end":{}}],"line":2},"84":{"loc":{"start":{"line":2,"column":8760},"end":{"line":2,"column":8780}},"type":"if","locations":[{"start":{"line":2,"column":8760},"end":{"line":2,"column":8780}},{"start":{},"end":{}}],"line":2},"85":{"loc":{"start":{"line":2,"column":8823},"end":{"line":2,"column":8904}},"type":"if","locations":[{"start":{"line":2,"column":8823},"end":{"line":2,"column":8904}},{"start":{},"end":{}}],"line":2},"86":{"loc":{"start":{"line":2,"column":9467},"end":{"line":2,"column":9622}},"type":"if","locations":[{"start":{"line":2,"column":9467},"end":{"line":2,"column":9622}},{"start":{"line":2,"column":9518},"end":{"line":2,"column":9622}}],"line":2},"87":{"loc":{"start":{"line":2,"column":9519},"end":{"line":2,"column":9621}},"type":"if","locations":[{"start":{"line":2,"column":9519},"end":{"line":2,"column":9621}},{"start":{},"end":{}}],"line":2},"88":{"loc":{"start":{"line":2,"column":9628},"end":{"line":2,"column":9655}},"type":"binary-expr","locations":[{"start":{"line":2,"column":9628},"end":{"line":2,"column":9629}},{"start":{"line":2,"column":9631},"end":{"line":2,"column":9655}}],"line":2},"89":{"loc":{"start":{"line":2,"column":9762},"end":{"line":2,"column":10258}},"type":"switch","locations":[{"start":{"line":2,"column":9782},"end":{"line":2,"column":9965}},{"start":{"line":2,"column":9965},"end":{"line":2,"column":9972}},{"start":{"line":2,"column":9972},"end":{"line":2,"column":10257}}],"line":2},"90":{"loc":{"start":{"line":2,"column":9789},"end":{"line":2,"column":9820}},"type":"if","locations":[{"start":{"line":2,"column":9789},"end":{"line":2,"column":9820}},{"start":{},"end":{}}],"line":2},"91":{"loc":{"start":{"line":2,"column":9820},"end":{"line":2,"column":9959}},"type":"if","locations":[{"start":{"line":2,"column":9820},"end":{"line":2,"column":9959}},{"start":{"line":2,"column":9903},"end":{"line":2,"column":9959}}],"line":2},"92":{"loc":{"start":{"line":2,"column":9850},"end":{"line":2,"column":9898}},"type":"if","locations":[{"start":{"line":2,"column":9850},"end":{"line":2,"column":9898}},{"start":{},"end":{}}],"line":2},"93":{"loc":{"start":{"line":2,"column":9979},"end":{"line":2,"column":10252}},"type":"if","locations":[{"start":{"line":2,"column":9979},"end":{"line":2,"column":10252}},{"start":{},"end":{}}],"line":2},"94":{"loc":{"start":{"line":2,"column":10025},"end":{"line":2,"column":10251}},"type":"if","locations":[{"start":{"line":2,"column":10025},"end":{"line":2,"column":10251}},{"start":{},"end":{}}],"line":2},"95":{"loc":{"start":{"line":2,"column":10123},"end":{"line":2,"column":10205}},"type":"if","locations":[{"start":{"line":2,"column":10123},"end":{"line":2,"column":10205}},{"start":{},"end":{}}],"line":2},"96":{"loc":{"start":{"line":2,"column":10212},"end":{"line":2,"column":10250}},"type":"if","locations":[{"start":{"line":2,"column":10212},"end":{"line":2,"column":10250}},{"start":{},"end":{}}],"line":2},"97":{"loc":{"start":{"line":2,"column":10315},"end":{"line":2,"column":10330}},"type":"if","locations":[{"start":{"line":2,"column":10315},"end":{"line":2,"column":10330}},{"start":{},"end":{}}],"line":2},"98":{"loc":{"start":{"line":2,"column":10357},"end":{"line":2,"column":10382}},"type":"cond-expr","locations":[{"start":{"line":2,"column":10360},"end":{"line":2,"column":10379}},{"start":{"line":2,"column":10380},"end":{"line":2,"column":10382}}],"line":2},"99":{"loc":{"start":{"line":2,"column":10404},"end":{"line":2,"column":10530}},"type":"if","locations":[{"start":{"line":2,"column":10404},"end":{"line":2,"column":10530}},{"start":{},"end":{}}],"line":2},"100":{"loc":{"start":{"line":2,"column":10579},"end":{"line":2,"column":10614}},"type":"binary-expr","locations":[{"start":{"line":2,"column":10580},"end":{"line":2,"column":10596}},{"start":{"line":2,"column":10599},"end":{"line":2,"column":10614}}],"line":2},"101":{"loc":{"start":{"line":2,"column":10671},"end":{"line":2,"column":10717}},"type":"if","locations":[{"start":{"line":2,"column":10671},"end":{"line":2,"column":10717}},{"start":{},"end":{}}],"line":2},"102":{"loc":{"start":{"line":2,"column":10777},"end":{"line":2,"column":10802}},"type":"binary-expr","locations":[{"start":{"line":2,"column":10777},"end":{"line":2,"column":10799}},{"start":{"line":2,"column":10801},"end":{"line":2,"column":10802}}],"line":2},"103":{"loc":{"start":{"line":2,"column":10871},"end":{"line":2,"column":10932}},"type":"if","locations":[{"start":{"line":2,"column":10871},"end":{"line":2,"column":10932}},{"start":{},"end":{}}],"line":2},"104":{"loc":{"start":{"line":2,"column":11209},"end":{"line":2,"column":11272}},"type":"if","locations":[{"start":{"line":2,"column":11209},"end":{"line":2,"column":11272}},{"start":{"line":2,"column":11265},"end":{"line":2,"column":11272}}],"line":2},"105":{"loc":{"start":{"line":2,"column":11342},"end":{"line":2,"column":11361}},"type":"binary-expr","locations":[{"start":{"line":2,"column":11342},"end":{"line":2,"column":11348}},{"start":{"line":2,"column":11350},"end":{"line":2,"column":11361}}],"line":2},"106":{"loc":{"start":{"line":2,"column":11453},"end":{"line":2,"column":11465}},"type":"binary-expr","locations":[{"start":{"line":2,"column":11453},"end":{"line":2,"column":11461}},{"start":{"line":2,"column":11463},"end":{"line":2,"column":11465}}],"line":2},"107":{"loc":{"start":{"line":2,"column":11485},"end":{"line":2,"column":11495}},"type":"binary-expr","locations":[{"start":{"line":2,"column":11485},"end":{"line":2,"column":11491}},{"start":{"line":2,"column":11493},"end":{"line":2,"column":11495}}],"line":2},"108":{"loc":{"start":{"line":2,"column":11539},"end":{"line":2,"column":11857}},"type":"if","locations":[{"start":{"line":2,"column":11539},"end":{"line":2,"column":11857}},{"start":{},"end":{}}],"line":2},"109":{"loc":{"start":{"line":2,"column":11542},"end":{"line":2,"column":11580}},"type":"binary-expr","locations":[{"start":{"line":2,"column":11542},"end":{"line":2,"column":11557}},{"start":{"line":2,"column":11560},"end":{"line":2,"column":11579}}],"line":2},"110":{"loc":{"start":{"line":2,"column":11582},"end":{"line":2,"column":11610}},"type":"if","locations":[{"start":{"line":2,"column":11582},"end":{"line":2,"column":11610}},{"start":{},"end":{}}],"line":2},"111":{"loc":{"start":{"line":2,"column":11764},"end":{"line":2,"column":11856}},"type":"if","locations":[{"start":{"line":2,"column":11764},"end":{"line":2,"column":11856}},{"start":{},"end":{}}],"line":2},"112":{"loc":{"start":{"line":2,"column":11861},"end":{"line":2,"column":11876}},"type":"if","locations":[{"start":{"line":2,"column":11861},"end":{"line":2,"column":11876}},{"start":{},"end":{}}],"line":2},"113":{"loc":{"start":{"line":2,"column":11876},"end":{"line":2,"column":11891}},"type":"if","locations":[{"start":{"line":2,"column":11876},"end":{"line":2,"column":11891}},{"start":{},"end":{}}],"line":2},"114":{"loc":{"start":{"line":2,"column":11957},"end":{"line":2,"column":12068}},"type":"if","locations":[{"start":{"line":2,"column":11957},"end":{"line":2,"column":12068}},{"start":{"line":2,"column":11993},"end":{"line":2,"column":12068}}],"line":2},"115":{"loc":{"start":{"line":2,"column":11994},"end":{"line":2,"column":12067}},"type":"if","locations":[{"start":{"line":2,"column":11994},"end":{"line":2,"column":12067}},{"start":{},"end":{}}],"line":2},"116":{"loc":{"start":{"line":2,"column":12086},"end":{"line":2,"column":12166}},"type":"if","locations":[{"start":{"line":2,"column":12086},"end":{"line":2,"column":12166}},{"start":{},"end":{}}],"line":2},"117":{"loc":{"start":{"line":2,"column":12091},"end":{"line":2,"column":12113}},"type":"binary-expr","locations":[{"start":{"line":2,"column":12091},"end":{"line":2,"column":12092}},{"start":{"line":2,"column":12094},"end":{"line":2,"column":12113}}],"line":2},"118":{"loc":{"start":{"line":2,"column":12118},"end":{"line":2,"column":12165}},"type":"cond-expr","locations":[{"start":{"line":2,"column":12134},"end":{"line":2,"column":12150}},{"start":{"line":2,"column":12151},"end":{"line":2,"column":12165}}],"line":2},"119":{"loc":{"start":{"line":2,"column":14208},"end":{"line":2,"column":14266}},"type":"if","locations":[{"start":{"line":2,"column":14208},"end":{"line":2,"column":14266}},{"start":{},"end":{}}],"line":2},"120":{"loc":{"start":{"line":2,"column":14244},"end":{"line":2,"column":14264}},"type":"cond-expr","locations":[{"start":{"line":2,"column":14255},"end":{"line":2,"column":14262}},{"start":{"line":2,"column":14263},"end":{"line":2,"column":14264}}],"line":2},"121":{"loc":{"start":{"line":2,"column":14244},"end":{"line":2,"column":14254}},"type":"binary-expr","locations":[{"start":{"line":2,"column":14244},"end":{"line":2,"column":14245}},{"start":{"line":2,"column":14247},"end":{"line":2,"column":14254}}],"line":2},"122":{"loc":{"start":{"line":2,"column":14336},"end":{"line":2,"column":14349}},"type":"if","locations":[{"start":{"line":2,"column":14336},"end":{"line":2,"column":14349}},{"start":{},"end":{}}],"line":2},"123":{"loc":{"start":{"line":2,"column":14648},"end":{"line":2,"column":14698}},"type":"if","locations":[{"start":{"line":2,"column":14648},"end":{"line":2,"column":14698}},{"start":{},"end":{}}],"line":2},"124":{"loc":{"start":{"line":2,
[...]
0":"f","361":",","362":"E","363":"A","364":"A","365":"E","366":",","367":"E","368":"A","369":"A","370":"E","371":",","372":"C","373":"A","374":"A","375":"C","376":";","377":"Q","378":"A","379":"C","380":"L","381":",","382":"I","383":"A","384":"A","385":"I","386":",","387":"E","388":"A","389":"A","390":"E","391":",","392":"I","393":"A","394":"A","395":"I","396":",","397":"C","398":"A","399":"A","400":"C","401":",","402":"O","403":"A","404":"A","405":"O","406":";","407":"Q","408":"A","409":"C","410":"l","411":"B","412":",","413":"S","414":"A","415":"A","416":"S","417":",","418":"E","419":"A","420":"A","421":"E","422":";","423":"M","424":"A","425":"C","426":"Z","427":",","428":"C","429":"A","430":"A","431":"C","432":",","433":"C","434":"A","435":"A","436":"C","437":";","438":"I","439":"A","440":"C","441":"H","442":";","443":"E","444":"A","445":"C","446":"D","447":";","448":"A","449":"A","450":"C","451":"D","452":",","453":"C","454":"A","455":"A","456":"C","457":";","458":"A","459":"A","460":"A","461":"A","462":";","463":"A","464":"A","465":"A","466":"A","467":"\"","468":",","469":"\"","470":"f","471":"i","472":"l","473":"e","474":"\"","475":":","476":"\"","477":"C","478":":","479":"\\","480":"\\","481":"A","482":"i","483":"m","484":"\\","485":"\\","486":"V","487":"u","488":"e","489":"T","490":"e","491":"s","492":"t","493":"\\","494":"\\","495":"v","496":"u","497":"e","498":"3","499":"-","500":"t","501":"e","502":"s","503":"t","504":"\\","505":"\\","506":"s","507":"r","508":"c","509":"\\","510":"\\","511":"v","512":"i","513":"e","514":"w","515":"s","516":"\\","517":"\\","518":"M","519":"a","520":"i","521":"n","522":"V","523":"i","524":"e","525":"w","526":".","527":"v","528":"u","529":"e","530":"\"","531":",","532":"\"","533":"s","534":"o","535":"u","536":"r","537":"c","538":"e","539":"s","540":"C","541":"o","542":"n","543":"t","544":"e","545":"n","546":"t","547":"\"","548":":","549":"[","550":"\"","551":"<","552":"t","553":"e","554":"m","555":"p","556":"l","557":"a","558":"t","559":"e","560":">","561":"\\","562":"r","563":"\\","564":"n","565":"\\","566":"t","567":"<","568":"d","569":"i","570":"v","571":">","572":"\\","573":"r","574":"\\","575":"n","576":"\\","577":"t","578":"\\","579":"t","580":"<","581":"d","582":"i","583":"v","584":"\\","585":"r","586":"\\","587":"n","588":"\\","589":"t","590":"\\","591":"t","592":"\\","593":"t","594":"v","595":"-","596":"f","597":"o","598":"r","599":"=","600":"\\","601":"\"","602":"t","603":"o","604":"d","605":"o","606":" ","607":"i","608":"n","609":" ","610":"t","611":"o","612":"d","613":"o","614":"s","615":"\\","616":"\"","617":"\\","618":"r","619":"\\","620":"n","621":"\\","622":"t","623":"\\","624":"t","625":"\\","626":"t","627":":","628":"k","629":"e","630":"y","631":"=","632":"\\","633":"\"","634":"t","635":"o","636":"d","637":"o","638":".","639":"i","640":"d","641":"\\","642":"\"","643":"\\","644":"r","645":"\\","646":"n","647":"\\","648":"t","649":"\\","650":"t","651":"\\","652":"t","653":"d","654":"a","655":"t","656":"a","657":"-","658":"t","659":"e","660":"s","661":"t","662":"=","663":"\\","664":"\"","665":"t","666":"o","667":"d","668":"o","669":"\\","670":"\"","671":"\\","672":"r","673":"\\","674":"n","675":"\\","676":"t","677":"\\","678":"t","679":"\\","680":"t","681":":","682":"c","683":"l","684":"a","685":"s","686":"s","687":"=","688":"\\","689":"\"","690":"[","691":"t","692":"o","693":"d","694":"o","695":".","696":"c","697":"o","698":"m","699":"p","700":"l","701":"e","702":"t","703":"e","704":"d","705":" ","706":"?","707":" ","708":"'","709":"c","710":"o","711":"m","712":"p","713":"l","714":"e","715":"t","716":"e","717":"d","718":"'","719":" ","720":":","721":" ","722":"'","723":"'","724":"]","725":"\\","726":"\"","727":"\\","728":"r","729":"\\","730":"n","731":"\\","732":"t","733":"\\","734":"t","735":">","736":"\\","737":"r","738":"\\","739":"n","740":"\\","741":"t","742":"\\","743":"t","744":"\\","745":"t","746":"{","747":"{","748":" ","749":"t","750":"o","751":"d","752":"o","753":".","754":"t","755":"e","756":"x","757":"t","758":" ","759":"}","760":"}","761":"\\","762":"r","763":"\\","764":"n","765":"\\","766":"t","767":"\\","768":"t","769":"\\","770":"t","771":"<","772":"i","773":"n","774":"p","775":"u","776":"t","777":"\\","778":"r","779":"\\","780":"n","781":"\\","782":"t","783":"\\","784":"t","785":"\\","786":"t","787":"\\","788":"t","789":"t","790":"y","791":"p","792":"e","793":"=","794":"\\","795":"\"","796":"c","797":"h","798":"e","799":"c","800":"k","801":"b","802":"o","803":"x","804":"\\","805":"\"","806":"\\","807":"r","808":"\\","809":"n","810":"\\","811":"t","812":"\\","813":"t","814":"\\","815":"t","816":"\\","817":"t","818":"v","819":"-","820":"m","821":"o","822":"d","823":"e","824":"l","825":"=","826":"\\","827":"\"","828":"t","829":"o","830":"d","831":"o","832":".","833":"c","834":"o","835":"m","836":"p","837":"l","838":"e","839":"t","840":"e","841":"d","842":"\\","843":"\"","844":"\\","845":"r","846":"\\","847":"n","848":"\\","849":"t","850":"\\","851":"t","852":"\\","853":"t","854":"\\","855":"t","856":"d","857":"a","858":"t","859":"a","860":"-","861":"t","862":"e","863":"s","864":"t","865":"=","866":"\\","867":"\"","868":"t","869":"o","870":"d","871":"o","872":"-","873":"c","874":"h","875":"e","876":"c","877":"k","878":"b","879":"o","880":"x","881":"\\","882":"\"","883":"\\","884":"r","885":"\\","886":"n","887":"\\","888":"t","889":"\\","890":"t","891":"\\","892":"t","893":"/","894":">","895":"\\","896":"r","897":"\\","898":"n","899":"\\","900":"t","901":"\\","902":"t","903":"<","904":"/","905":"d","906":"i","907":"v","908":">","909":"\\","910":"r","911":"\\","912":"n","913":"\\","914":"r","915":"\\","916":"n","917":"\\","918":"t","919":"\\","920":"t","921":"<","922":"f","923":"o","924":"r","925":"m","926":" ","927":"d","928":"a","929":"t","930":"a","931":"-","932":"t","933":"e","934":"s","935":"t","936":"=","937":"\\","938":"\"","939":"f","940":"o","941":"r","942":"m","943":"\\","944":"\"","945":" ","946":"@","947":"s","948":"u","949":"b","950":"m","951":"i","952":"t","953":".","954":"p","955":"r","956":"e","957":"v","958":"e","959":"n","960":"t","961":"=","962":"\\","963":"\"","964":"c","965":"r","966":"e","967":"a","968":"t","969":"e","970":"T","971":"o","972":"d","973":"o","974":"\\","975":"\"","976":">","977":"\\","978":"r","979":"\\","980":"n","981":"\\","982":"t","983":"\\","984":"t","985":"\\","986":"t","987":"<","988":"i","989":"n","990":"p","991":"u","992":"t","993":" ","994":"d","995":"a","996":"t","997":"a","998":"-","999":"t","1000":"e","1001":"s","1002":"t","1003":"=","1004":"\\","1005":"\"","1006":"n","1007":"e","1008":"w","1009":"-","1010":"t","1011":"o","1012":"d","1013":"o","1014":"\\","1015":"\"","1016":" ","1017":"v","1018":"-","1019":"m","1020":"o","1021":"d","1022":"e","1023":"l","1024":"=","1025":"\\","1026":"\"","1027":"n","1028":"e","1029":"w","1030":"T","1031":"o","1032":"d","1033":"o","1034":"\\","1035":"\"","1036":" ","1037":"/","1038":">","1039":"\\","1040":"r","1041":"\\","1042":"n","1043":"\\","1044":"t","1045":"\\","1046":"t","1047":"<","1048":"/","1049":"f","1050":"o","1051":"r","1052":"m","1053":">","1054":"\\","1055":"r","1056":"\\","1057":"n","1058":"\\","1059":"t","1060":"<","1061":"/","1062":"d","1063":"i","1064":"v","1065":">","1066":"\\","1067":"r","1068":"\\","1069":"n","1070":"<","1071":"/","1072":"t","1073":"e","1074":"m","1075":"p","1076":"l","1077":"a","1078":"t","1079":"e","1080":">","1081":"\\","1082":"r","1083":"\\","1084":"n","1085":"\\","1086":"r","1087":"\\","1088":"n","1089":"<","1090":"s","1091":"c","1092":"r","1093":"i","1094":"p","1095":"t","1096":">","1097":"\\","1098":"r","1099":"\\","1100":"n","1101":"e","1102":"x","1103":"p","1104":"o","1105":"r","1106":"t","1107":" ","1108":"d","1109":"e","1110":"f","1111":"a","1112":"u","1113":"l","1114":"t","1115":" ","1116":"{","1117":"\\","1118":"r","1119":"\\","1120":"n","1121":"\\","1122":"t","1123":"n","1124":"a","1125":"m","1126":"e","1127":":","1128":" ","1129":"\\","1130":"\"","1131":"M","1132":"a","1133":"i","1134":"n","1135":"V","1136":"i","1137":"e","1138":"w","1139":"\\","1140":"\"","1141":",","1142":"\\","1143":"r","1144":"\\","1145":"n","1146":"\\","1147":"t","1148":"d","1149":"a","1150":"t","1151":"a","1152":"(","1153":")","1154":" ","1155":"{","1156":"\\","1157":"r","1158":"\\","1159":"n","1160":"\\","1161":"t","1162":"\\","1163":"t","1164":"r","1165":"e","1166":"t","1167":"u","1168":"r","1169":"n","1170":" ","1171":"{","1172":"\\","1173":"r","1174":"\\","1175":"n","1176":"\\","1177":"t","1178":"\\","1179":"t","1180":"\\","1181":"t","1182":"n","1183":"e","1184":"w","1185":"T","1186":"o","1187":"d","1188":"o","1189":":","1190":" ","1191":"\\","1192":"\"","1193":"\\","1194":"\"","1195":",","1196":"\\","1197":"r","1198":"\\","1199":"n","1200":"\\","1201":"t","1202":"\\","1203":"t","1204":"\\","1205":"t","1206":"t","1207":"o","1208":"d","1209":"o","1210":"s","1211":":","1212":" ","1213":"[","1214":"\\","1215":"r","1216":"\\","1217":"n","1218":"\\","1219":"t","1220":"\\","1221":"t","1222":"\\","1223":"t","1224":"\\","1225":"t","1226":"{","1227":"\\","1228":"r","1229":"\\","1230":"n","1231":"\\","1232":"t","1233":"\\","1234":"t","1235":"\\","1236":"t","1237":"\\","1238":"t","1239":"\\","1240":"t","1241":"i","1242":"d","1243":":","1244":" ","1245":"1","1246":",","1247":"\\","1248":"r","1249":"\\","1250":"n","1251":"\\","1252":"t","1253":"\\","1254":"t","1255":"\\","1256":"t","1257":"\\","1258":"t","1259":"\\","1260":"t","1261":"t","1262":"e","1263":"x","1264":"t","1265":":","1266":" ","1267":"\\","1268":"\"","1269":"L","1270":"e","1271":"a","1272":"r","1273":"n","1274":" ","1275":"V","1276":"u","1277":"e","1278":".","1279":"j","1280":"s","1281":" ","1282":"3","1283":"\\","1284":"\"","1285":",","1286":"\\","1287":"r","1288":"\\","1289":"n","1290":"\\","1291":"t","1292":"\\","1293":"t","1294":"\\","1295":"t","1296":"\\","1297":"t","1298":"\\","1299":"t","1300":"c","1301":"o","1302":"m","1303":"p","1304":"l","1305":"e","1306":"t","1307":"e","1308":"d","1309":":","1310":" ","1311":"f","1312":"a","1313":"l","1314":"s","1315":"e","1316":",","1317":"\\","1318":"r","1319":"\\","1320":"n","1321":"\\","1322":"t","1323":"\\","1324":"t","1325":"\\","1326":"t","1327":"\\","1328":"t","1329":"}","1330":",","1331":"\\","1332":"r","1333":"\\","1334":"n","1335":"\\","1336":"t","1337":"\\","1338":"t","1339":"\\","1340":"t","1341":"]","1342":",","1343":"\\","1344":"r","1345":"\\","1346":"n","1347":"\\","1348":"t","1349":"\\","1350":"t","1351":"}","1352":";","1353":"\\","1354":"r","1355":"\\","1356":"n","1357":"\\","1358":"t","1359":"}","1360":",","1361":"\\","1362":"r","1363":"\\","1364":"n","1365":"\\","1366":"t","1367":"m","1368":"e","1369":"t","1370":"h","1371":"o","1372":"d","1373":"s","1374":":","1375":" ","1376":"{","1377":"\\","1378":"r","1379":"\\","1380":"n","1381":"\\","1382":"t","1383":"\\","1384":"t","1385":"c","1386":"r","1387":"e","1388":"a","1389":"t","1390":"e","1391":"T","1392":"o","1393":"d","1394":"o","1395":"(","1396":")","1397":" ","1398":"{","1399":"\\","1400":"r","1401":"\\","1402":"n","1403":"\\","1404":"t","1405":"\\","1406":"t","1407":"\\","1408":"t","1409":"t","1410":"h","1411":"i","1412":"s","1413":".","1414":"t","1415":"o","1416":"d","1417":"o","1418":"s","1419":".","1420":"p","1421":"u","1422":"s","1423":"h","1424":"(","1425":"{","1426":"\\","1427":"r","1428":"\\","1429":"n","1430":"\\","1431":"t","1432":"\\","1433":"t","1434":"\\","1435":"t","1436":"\\","1437":"t","1438":"i","1439":"d","1440":":","1441":" ","1442":"2","1443":",","1444":"\\","1445":"r","1446":"\\","1447":"n","1448":"\\","1449":"t","1450":"\\","1451":"t","1452":"\\","1453":"t","1454":"\\","1455":"t","1456":"t","1457":"e","1458":"x","1459":"t","1460":":","1461":" ","1462":"t","1463":"h","1464":"i","1465":"s","1466":".","1467":"n","1468":"e","1469":"w","1470":"T","1471":"o","1472":"d","1473":"o","1474":",","1475":"\\","1476":"r","1477":"\\","1478":"n","1479":"\\","1480":"t","1481":"\\","1482":"t","1483":"\\","1484":"t","1485":"\\","1486":"t","1487":"c","1488":"o","1489":"m","1490":"p","1491":"l","1492":"e","1493":"t","1494":"e","1495":"d","1496":":","1497":" ","1498":"f","1499":"a","1500":"l","1501":"s","1502":"e","1503":",","1504":"\\","1505":"r","1506":"\\","1507":"n","1508":"\\","1509":"t","1510":"\\","1511":"t","1512":"\\","1513":"t","1514":"}","1515":")","1516":";","1517":"\\","1518":"r","1519":"\\","1520":"n","1521":"\\","1522":"t","1523":"\\","1524":"t","1525":"}","1526":",","1527":"\\","1528":"r","1529":"\\","1530":"n","1531":"\\","1532":"t","1533":"}","1534":",","1535":"\\","1536":"r","1537":"\\","1538":"n","1539":"}","1540":";","1541":"\\","1542":"r","1543":"\\","1544":"n","1545":"<","1546":"/","1547":"s","1548":"c","1549":"r","1550":"i","1551":"p","1552":"t","1553":">","1554":"\\","1555":"r","1556":"\\","1557":"n","1558":"\\","1559":"r","1560":"\\","1561":"n","1562":"<","1563":"s","1564":"t","1565":"y","1566":"l","1567":"e","1568":">","1569":"<","1570":"/","1571":"s","1572":"t","1573":"y","1574":"l","1575":"e","1576":">","1577":"\\","1578":"r","1579":"\\","1580":"n","1581":"\"","1582":"]","1583":"}"},"_coverageSchema":"1a1c01bbd47fc00a2c39e90264f33305004495a9","hash":"634b5d3c5fe186cfa113d0ead9fa5267458a3190"}
,"C:\\Aim\\VueTest\\vue3-test\\src\\views\\TestView.vue": {"path":"C:\\Aim\\VueTest\\vue3-test\\src\\views\\TestView.vue","statementMap":{"0":{"start":{"line":4,"column":0},"end":{"line":6,"column":3}},"1":{"start":{"line":7,"column":0},"end":{"line":7,"column":25}},"2":{"start":{"line":8,"column":15},"end":{"line":10,"column":1}},"3":{"start":{"line":13,"column":0},"end":{"line":13,"column":13}},"4":{"start":{"line":15,"column":0},"end":{"line":17,"column":3}},"5":{"start":{"line":18,"column":0},"end":{"line":18,"column":24}},"6":{"start":{"line":19,"column":11},"end":{"line":19,"column":25}},"7":{"start":{"line":20,"column":19},"end":{"line":22,"column":1}},"8":{"start":{"line":24,"column":2},"end":{"line":24,"column":142}},"9":{"start":{"line":25,"column":2},"end":{"line":25,"column":49}}},"fnMap":{"0":{"name":"render","decl":{"start":{"line":23,"column":9},"end":{"line":23,"column":15}},"loc":{"start":{"line":23,"column":30},"end":{"line":25,"column":1}},"line":23}},"branchMap":{},"s":{"0":1,"1":1,"2":1,"3":1,"4":1,"5":1,"6":1,"7":1,"8":1,"9":1},"f":{"0":1},"b":{},"inputSourceMap":{"0":"{","1":"\"","2":"v","3":"e","4":"r","5":"s","6":"i","7":"o","8":"n","9":"\"","10":":","11":"3","12":",","13":"\"","14":"s","15":"o","16":"u","17":"r","18":"c","19":"e","20":"s","21":"\"","22":":","23":"[","24":"\"","25":"C","26":":","27":"\\","28":"\\","29":"A","30":"i","31":"m","32":"\\","33":"\\","34":"V","35":"u","36":"e","37":"T","38":"e","39":"s","40":"t","41":"\\","42":"\\","43":"v","44":"u","45":"e","46":"3","47":"-","48":"t","49":"e","50":"s","51":"t","52":"\\","53":"\\","54":"s","55":"r","56":"c","57":"\\","58":"\\","59":"v","60":"i","61":"e","62":"w","63":"s","64":"\\","65":"\\","66":"T","67":"e","68":"s","69":"t","70":"V","71":"i","72":"e","73":"w","74":".","75":"v","76":"u","77":"e","78":"\"","79":"]","80":",","81":"\"","82":"n","83":"a","84":"m","85":"e","86":"s","87":"\"","88":":","89":"[","90":"]","91":",","92":"\"","93":"m","94":"a","95":"p","96":"p","97":"i","98":"n","99":"g","100":"s","101":"\"","102":":","103":"\"","104":";","105":";","106":";","107":";","108":";","109":";","110":";","111":"e","112":"A","113":"K","114":"e","115":";","116":"E","117":"A","118":"C","119":"d","120":",","121":"K","122":"A","123":"A","124":"K","125":",","126":"E","127":"A","128":"A","129":"E","130":",","131":"C","132":"A","133":"A","134":"C","135":",","136":"O","137":"A","138":"A","139":"O","140":";","141":"A","142":"A","143":"C","144":"h","145":"B","146":",","147":"C","148":"A","149":"A","150":"C","151":";","152":"A","153":"A","154":"A","155":"A","156":";","157":"A","158":"A","159":"A","160":"A","161":"\"","162":",","163":"\"","164":"f","165":"i","166":"l","167":"e","168":"\"","169":":","170":"\"","171":"C","172":":","173":"\\","174":"\\","175":"A","176":"i","177":"m","178":"\\","179":"\\","180":"V","181":"u","182":"e","183":"T","184":"e","185":"s","186":"t","187":"\\","188":"\\","189":"v","190":"u","191":"e","192":"3","193":"-","194":"t","195":"e","196":"s","197":"t","198":"\\","199":"\\","200":"s","201":"r","202":"c","203":"\\","204":"\\","205":"v","206":"i","207":"e","208":"w","209":"s","210":"\\","211":"\\","212":"T","213":"e","214":"s","215":"t","216":"V","217":"i","218":"e","219":"w","220":".","221":"v","222":"u","223":"e","224":"\"","225":",","226":"\"","227":"s","228":"o","229":"u","230":"r","231":"c","232":"e","233":"s","234":"C","235":"o","236":"n","237":"t","238":"e","239":"n","240":"t","241":"\"","242":":","243":"[","244":"\"","245":"<","246":"t","247":"e","248":"m","249":"p","250":"l","251":"a","252":"t","253":"e","254":">","255":"\\","256":"r","257":"\\","258":"n","259":"\\","260":"t","261":"<","262":"d","263":"i","264":"v","265":" ","266":"d","267":"a","268":"t","269":"a","270":"-","271":"t","272":"e","273":"s","274":"t","275":"=","276":"\\","277":"\"","278":"t","279":"i","280":"t","281":"l","282":"e","283":"\\","284":"\"","285":">","286":"제","287":"목","288":":","289":" ","290":"{","291":"{","292":" ","293":"t","294":"i","295":"t","296":"l","297":"e","298":" ","299":"}","300":"}","301":"<","302":"/","303":"d","304":"i","305":"v","306":">","307":"\\","308":"r","309":"\\","310":"n","311":"<","312":"/","313":"t","314":"e","315":"m","316":"p","317":"l","318":"a","319":"t","320":"e","321":">","322":"\\","323":"r","324":"\\","325":"n","326":"\\","327":"r","328":"\\","329":"n","330":"<","331":"s","332":"c","333":"r","334":"i","335":"p","336":"t","337":">","338":"\\","339":"r","340":"\\","341":"n","342":"e","343":"x","344":"p","345":"o","346":"r","347":"t","348":" ","349":"d","350":"e","351":"f","352":"a","353":"u","354":"l","355":"t","356":" ","357":"{","358":"\\","359":"r","360":"\\","361":"n","362":"\\","363":"t","364":"p","365":"r","366":"o","367":"p","368":"s","369":":","370":" ","371":"[","372":"\\","373":"\"","374":"t","375":"i","376":"t","377":"l","378":"e","379":"\\","380":"\"","381":"]","382":",","383":"\\","384":"r","385":"\\","386":"n","387":"}","388":";","389":"\\","390":"r","391":"\\","392":"n","393":"<","394":"/","395":"s","396":"c","397":"r","398":"i","399":"p","400":"t","401":">","402":"\\","403":"r","404":"\\","405":"n","406":"\\","407":"r","408":"\\","409":"n","410":"<","411":"s","412":"t","413":"y","414":"l","415":"e","416":">","417":"<","418":"/","419":"s","420":"t","421":"y","422":"l","423":"e","424":">","425":"\\","426":"r","427":"\\","428":"n","429":"\"","430":"]","431":"}"},"_coverageSchema":"1a1c01bbd47fc00a2c39e90264f33305004495a9","hash":"fb46a2980ec9e531f35460e322d2c4ec568f1d59"}
,"C:\\Aim\\VueTest\\vue3-test\\src\\views\\createTestView.js": {"path":"C:\\Aim\\VueTest\\vue3-test\\src\\views\\createTestView.js","statementMap":{"0":{"start":{"line":5,"column":1},"end":{"line":18,"column":4}},"1":{"start":{"line":8,"column":17},"end":{"line":8,"column":31}},"2":{"start":{"line":9,"column":3},"end":{"line":11,"column":5}},"3":{"start":{"line":14,"column":3},"end":{"line":16,"column":6}}},"fnMap":{"0":{"name":"createTestView","decl":{"start":{"line":4,"column":24},"end":{"line":4,"column":38}},"loc":{"start":{"line":4,"column":45},"end":{"line":19,"column":1}},"line":4},"1":{"name":"(anonymous_1)","decl":{"start":{"line":7,"column":2},"end":{"line":7,"column":3}},"loc":{"start":{"line":7,"column":10},"end":{"line":12,"column":3}},"line":7},"2":{"name":"(anonymous_2)","decl":{"start":{"line":13,"column":2},"end":{"line":13,"column":3}},"loc":{"start":{"line":13,"column":11},"end":{"line":17,"column":3}},"line":13}},"branchMap":{"0":{"loc":{"start":{"line":8,"column":17},"end":{"line":8,"column":31}},"type":"binary-expr","locations":[{"start":{"line":8,"column":17},"end":{"line":8,"column":21}},{"start":{"line":8,"column":25},"end":{"line":8,"column":31}}],"line":8}},"s":{"0":0,"1":0,"2":0,"3":0},"f":{"0":0,"1":0,"2":0},"b":{"0":[0,0]}}
}
